{"C:\\Users\\chris\\ecommerce-reactnative-redux\\App.tsx": {"path":"C:\\Users\\chris\\ecommerce-reactnative-redux\\App.tsx","statementMap":{"0":{"start":{"line":54,"column":14},"end":{"line":54,"column":62}},"1":{"start":{"line":56,"column":26},"end":{"line":63,"column":1}},"2":{"start":{"line":58,"column":2},"end":{"line":62,"column":3}},"3":{"start":{"line":65,"column":29},"end":{"line":72,"column":1}},"4":{"start":{"line":66,"column":2},"end":{"line":71,"column":3}},"5":{"start":{"line":74,"column":26},"end":{"line":81,"column":1}},"6":{"start":{"line":75,"column":2},"end":{"line":80,"column":3}},"7":{"start":{"line":83,"column":30},"end":{"line":90,"column":1}},"8":{"start":{"line":84,"column":2},"end":{"line":89,"column":3}},"9":{"start":{"line":92,"column":30},"end":{"line":96,"column":1}},"10":{"start":{"line":93,"column":2},"end":{"line":95,"column":3}},"11":{"start":{"line":98,"column":12},"end":{"line":140,"column":3}},"12":{"start":{"line":100,"column":2},"end":{"line":139,"column":3}},"13":{"start":{"line":118,"column":14},"end":{"line":118,"column":23}},"14":{"start":{"line":142,"column":15},"end":{"line":148,"column":2}}},"fnMap":{"0":{"name":"(anonymous_0)","decl":{"start":{"line":56,"column":26},"end":{"line":56,"column":27}},"loc":{"start":{"line":56,"column":32},"end":{"line":63,"column":1}},"line":56},"1":{"name":"(anonymous_1)","decl":{"start":{"line":65,"column":29},"end":{"line":65,"column":30}},"loc":{"start":{"line":65,"column":35},"end":{"line":72,"column":1}},"line":65},"2":{"name":"(anonymous_2)","decl":{"start":{"line":74,"column":26},"end":{"line":74,"column":27}},"loc":{"start":{"line":74,"column":31},"end":{"line":81,"column":1}},"line":74},"3":{"name":"(anonymous_3)","decl":{"start":{"line":83,"column":30},"end":{"line":83,"column":31}},"loc":{"start":{"line":83,"column":36},"end":{"line":90,"column":1}},"line":83},"4":{"name":"(anonymous_4)","decl":{"start":{"line":92,"column":30},"end":{"line":92,"column":31}},"loc":{"start":{"line":92,"column":36},"end":{"line":96,"column":1}},"line":92},"5":{"name":"(anonymous_5)","decl":{"start":{"line":98,"column":12},"end":{"line":98,"column":13}},"loc":{"start":{"line":98,"column":18},"end":{"line":140,"column":3}},"line":98},"6":{"name":"(anonymous_6)","decl":{"start":{"line":117,"column":19},"end":{"line":117,"column":20}},"loc":{"start":{"line":118,"column":14},"end":{"line":118,"column":23}},"line":118}},"branchMap":{},"s":{"0":1,"1":1,"2":1,"3":1,"4":0,"5":1,"6":0,"7":1,"8":0,"9":1,"10":0,"11":1,"12":1,"13":1,"14":1},"f":{"0":1,"1":0,"2":0,"3":0,"4":0,"5":1,"6":1},"b":{},"_coverageSchema":"1a1c01bbd47fc00a2c39e90264f33305004495a9","hash":"b280426280c83ea4d1fbe11e3f5da6a93a32c32d"}
,"C:\\Users\\chris\\ecommerce-reactnative-redux\\RootNavigation.js": {"path":"C:\\Users\\chris\\ecommerce-reactnative-redux\\RootNavigation.js","statementMap":{"0":{"start":{"line":11,"column":29},"end":{"line":11,"column":59}},"1":{"start":{"line":14,"column":2},"end":{"line":18,"column":3}},"2":{"start":{"line":15,"column":4},"end":{"line":15,"column":41}}},"fnMap":{"0":{"name":"navigate","decl":{"start":{"line":13,"column":16},"end":{"line":13,"column":24}},"loc":{"start":{"line":13,"column":39},"end":{"line":19,"column":1}},"line":13}},"branchMap":{"0":{"loc":{"start":{"line":14,"column":2},"end":{"line":18,"column":3}},"type":"if","locations":[{"start":{"line":14,"column":2},"end":{"line":18,"column":3}},{"start":{"line":16,"column":7},"end":{"line":18,"column":3}}],"line":14}},"s":{"0":5,"1":0,"2":0},"f":{"0":0},"b":{"0":[0,0]},"_coverageSchema":"1a1c01bbd47fc00a2c39e90264f33305004495a9","hash":"82615b03f202483cfc59c4fbb1433914b361ca39"}
,"C:\\Users\\chris\\ecommerce-reactnative-redux\\test-utils.js": {"path":"C:\\Users\\chris\\ecommerce-reactnative-redux\\test-utils.js","statementMap":{"0":{"start":{"line":42,"column":22},"end":{"line":42,"column":40}},"1":{"start":{"line":43,"column":20},"end":{"line":43,"column":27}},"2":{"start":{"line":44,"column":18},"end":{"line":44,"column":49}},"3":{"start":{"line":46,"column":14},"end":{"line":46,"column":38}},"4":{"start":{"line":48,"column":20},"end":{"line":56,"column":4}},"5":{"start":{"line":49,"column":2},"end":{"line":56,"column":4}},"6":{"start":{"line":51,"column":31},"end":{"line":54,"column":17}}},"fnMap":{"0":{"name":"(anonymous_0)","decl":{"start":{"line":48,"column":20},"end":{"line":48,"column":21}},"loc":{"start":{"line":49,"column":2},"end":{"line":56,"column":4}},"line":49},"1":{"name":"(anonymous_1)","decl":{"start":{"line":51,"column":13},"end":{"line":51,"column":14}},"loc":{"start":{"line":51,"column":31},"end":{"line":54,"column":17}},"line":51}},"branchMap":{},"s":{"0":6,"1":6,"2":6,"3":6,"4":6,"5":7,"6":7},"f":{"0":7,"1":7},"b":{},"_coverageSchema":"1a1c01bbd47fc00a2c39e90264f33305004495a9","hash":"ab317dd15d1d1dae71a7f368b09717979e2e118e"}
,"C:\\Users\\chris\\ecommerce-reactnative-redux\\assests\\img\\RTX3080.png": {"path":"C:\\Users\\chris\\ecommerce-reactnative-redux\\assests\\img\\RTX3080.png","statementMap":{"0":{"start":{"line":1,"column":0},"end":{"line":4,"column":6}}},"fnMap":{},"branchMap":{},"s":{"0":1},"f":{},"b":{},"inputSourceMap":null,"_coverageSchema":"1a1c01bbd47fc00a2c39e90264f33305004495a9","hash":"f11f83117d69b0cd18a36dfe86b4dbcec51e510c"}
,"C:\\Users\\chris\\ecommerce-reactnative-redux\\assests\\img\\White_t-shirt.png": {"path":"C:\\Users\\chris\\ecommerce-reactnative-redux\\assests\\img\\White_t-shirt.png","statementMap":{"0":{"start":{"line":1,"column":0},"end":{"line":4,"column":6}}},"fnMap":{},"branchMap":{},"s":{"0":1},"f":{},"b":{},"inputSourceMap":null,"_coverageSchema":"1a1c01bbd47fc00a2c39e90264f33305004495a9","hash":"475a4cebdfa13019f6c448495dfe85cd60bbc841"}
,"C:\\Users\\chris\\ecommerce-reactnative-redux\\components\\cart\\cartDetail\\index.tsx": {"path":"C:\\Users\\chris\\ecommerce-reactnative-redux\\components\\cart\\cartDetail\\index.tsx","statementMap":{"0":{"start":{"line":8,"column":19},"end":{"line":104,"column":1}},"1":{"start":{"line":9,"column":29},"end":{"line":9,"column":74}},"2":{"start":{"line":9,"column":63},"end":{"line":9,"column":73}},"3":{"start":{"line":11,"column":4},"end":{"line":11,"column":41}},"4":{"start":{"line":14,"column":21},"end":{"line":14,"column":34}},"5":{"start":{"line":16,"column":22},"end":{"line":19,"column":5}},"6":{"start":{"line":18,"column":8},"end":{"line":18,"column":40}},"7":{"start":{"line":21,"column":22},"end":{"line":24,"column":5}},"8":{"start":{"line":22,"column":8},"end":{"line":22,"column":38}},"9":{"start":{"line":25,"column":22},"end":{"line":27,"column":5}},"10":{"start":{"line":26,"column":8},"end":{"line":26,"column":38}},"11":{"start":{"line":29,"column":22},"end":{"line":36,"column":5}},"12":{"start":{"line":30,"column":8},"end":{"line":35,"column":15}},"13":{"start":{"line":40,"column":23},"end":{"line":88,"column":5}},"14":{"start":{"line":42,"column":8},"end":{"line":87,"column":9}},"15":{"start":{"line":55,"column":91},"end":{"line":55,"column":106}},"16":{"start":{"line":76,"column":69},"end":{"line":76,"column":84}},"17":{"start":{"line":80,"column":69},"end":{"line":80,"column":84}},"18":{"start":{"line":90,"column":4},"end":{"line":103,"column":5}},"19":{"start":{"line":96,"column":26},"end":{"line":96,"column":56}},"20":{"start":{"line":106,"column":15},"end":{"line":190,"column":2}}},"fnMap":{"0":{"name":"(anonymous_0)","decl":{"start":{"line":8,"column":19},"end":{"line":8,"column":20}},"loc":{"start":{"line":8,"column":40},"end":{"line":104,"column":1}},"line":8},"1":{"name":"(anonymous_1)","decl":{"start":{"line":9,"column":41},"end":{"line":9,"column":42}},"loc":{"start":{"line":9,"column":63},"end":{"line":9,"column":73}},"line":9},"2":{"name":"(anonymous_2)","decl":{"start":{"line":16,"column":22},"end":{"line":16,"column":23}},"loc":{"start":{"line":16,"column":36},"end":{"line":19,"column":5}},"line":16},"3":{"name":"(anonymous_3)","decl":{"start":{"line":21,"column":22},"end":{"line":21,"column":23}},"loc":{"start":{"line":21,"column":36},"end":{"line":24,"column":5}},"line":21},"4":{"name":"(anonymous_4)","decl":{"start":{"line":25,"column":22},"end":{"line":25,"column":23}},"loc":{"start":{"line":25,"column":35},"end":{"line":27,"column":5}},"line":25},"5":{"name":"(anonymous_5)","decl":{"start":{"line":29,"column":22},"end":{"line":29,"column":23}},"loc":{"start":{"line":30,"column":8},"end":{"line":35,"column":15}},"line":30},"6":{"name":"(anonymous_6)","decl":{"start":{"line":40,"column":23},"end":{"line":40,"column":24}},"loc":{"start":{"line":40,"column":46},"end":{"line":88,"column":5}},"line":40},"7":{"name":"(anonymous_7)","decl":{"start":{"line":55,"column":85},"end":{"line":55,"column":86}},"loc":{"start":{"line":55,"column":91},"end":{"line":55,"column":106}},"line":55},"8":{"name":"(anonymous_8)","decl":{"start":{"line":76,"column":63},"end":{"line":76,"column":64}},"loc":{"start":{"line":76,"column":69},"end":{"line":76,"column":84}},"line":76},"9":{"name":"(anonymous_9)","decl":{"start":{"line":80,"column":63},"end":{"line":80,"column":64}},"loc":{"start":{"line":80,"column":69},"end":{"line":80,"column":84}},"line":80},"10":{"name":"(anonymous_10)","decl":{"start":{"line":96,"column":20},"end":{"line":96,"column":21}},"loc":{"start":{"line":96,"column":26},"end":{"line":96,"column":56}},"line":96}},"branchMap":{"0":{"loc":{"start":{"line":44,"column":43},"end":{"line":44,"column":75}},"type":"cond-expr","locations":[{"start":{"line":44,"column":61},"end":{"line":44,"column":63}},{"start":{"line":44,"column":66},"end":{"line":44,"column":75}}],"line":44}},"s":{"0":2,"1":0,"2":0,"3":0,"4":0,"5":0,"6":0,"7":0,"8":0,"9":0,"10":0,"11":0,"12":0,"13":0,"14":0,"15":0,"16":0,"17":0,"18":0,"19":0,"20":2},"f":{"0":0,"1":0,"2":0,"3":0,"4":0,"5":0,"6":0,"7":0,"8":0,"9":0,"10":0},"b":{"0":[0,0]},"_coverageSchema":"1a1c01bbd47fc00a2c39e90264f33305004495a9","hash":"dbb1e5555e852896b1c6eba0cddf49d158468b19"}
,"C:\\Users\\chris\\ecommerce-reactnative-redux\\components\\cart\\cartUI\\index.tsx": {"path":"C:\\Users\\chris\\ecommerce-reactnative-redux\\components\\cart\\cartUI\\index.tsx","statementMap":{"0":{"start":{"line":14,"column":15},"end":{"line":37,"column":1}},"1":{"start":{"line":15,"column":23},"end":{"line":15,"column":54}},"2":{"start":{"line":17,"column":27},"end":{"line":20,"column":5}},"3":{"start":{"line":19,"column":8},"end":{"line":19,"column":39}},"4":{"start":{"line":24,"column":4},"end":{"line":36,"column":5}},"5":{"start":{"line":28,"column":32},"end":{"line":28,"column":58}},"6":{"start":{"line":38,"column":15},"end":{"line":67,"column":2}}},"fnMap":{"0":{"name":"(anonymous_0)","decl":{"start":{"line":14,"column":15},"end":{"line":14,"column":16}},"loc":{"start":{"line":14,"column":21},"end":{"line":37,"column":1}},"line":14},"1":{"name":"(anonymous_1)","decl":{"start":{"line":17,"column":27},"end":{"line":17,"column":28}},"loc":{"start":{"line":17,"column":59},"end":{"line":20,"column":5}},"line":17},"2":{"name":"(anonymous_2)","decl":{"start":{"line":28,"column":26},"end":{"line":28,"column":27}},"loc":{"start":{"line":28,"column":32},"end":{"line":28,"column":58}},"line":28}},"branchMap":{},"s":{"0":2,"1":0,"2":0,"3":0,"4":0,"5":0,"6":2},"f":{"0":0,"1":0,"2":0},"b":{},"_coverageSchema":"1a1c01bbd47fc00a2c39e90264f33305004495a9","hash":"848dce336e37634f227f4d706ac18fa4910bd0af"}
,"C:\\Users\\chris\\ecommerce-reactnative-redux\\components\\checkout\\checkOutDetail\\index.tsx": {"path":"C:\\Users\\chris\\ecommerce-reactnative-redux\\components\\checkout\\checkOutDetail\\index.tsx","statementMap":{"0":{"start":{"line":7,"column":18},"end":{"line":18,"column":1}},"1":{"start":{"line":8,"column":4},"end":{"line":16,"column":12}},"2":{"start":{"line":21,"column":22},"end":{"line":23,"column":3}},"3":{"start":{"line":25,"column":25},"end":{"line":27,"column":1}},"4":{"start":{"line":29,"column":20},"end":{"line":31,"column":1}},"5":{"start":{"line":34,"column":13},"end":{"line":48,"column":1}},"6":{"start":{"line":50,"column":16},"end":{"line":56,"column":1}},"7":{"start":{"line":51,"column":18},"end":{"line":51,"column":20}},"8":{"start":{"line":52,"column":4},"end":{"line":54,"column":6}},"9":{"start":{"line":53,"column":8},"end":{"line":53,"column":19}},"10":{"start":{"line":55,"column":4},"end":{"line":55,"column":15}},"11":{"start":{"line":62,"column":14},"end":{"line":62,"column":73}},"12":{"start":{"line":67,"column":30},"end":{"line":135,"column":1}},"13":{"start":{"line":70,"column":21},"end":{"line":70,"column":34}},"14":{"start":{"line":73,"column":19},"end":{"line":107,"column":1}},"15":{"start":{"line":74,"column":21},"end":{"line":89,"column":5}},"16":{"start":{"line":75,"column":22},"end":{"line":75,"column":40}},"17":{"start":{"line":80,"column":8},"end":{"line":85,"column":10}},"18":{"start":{"line":81,"column":12},"end":{"line":83,"column":13}},"19":{"start":{"line":82,"column":16},"end":{"line":82,"column":34}},"20":{"start":{"line":84,"column":12},"end":{"line":84,"column":26}},"21":{"start":{"line":88,"column":8},"end":{"line":88,"column":42}},"22":{"start":{"line":91,"column":4},"end":{"line":106,"column":5}},"23":{"start":{"line":109,"column":30},"end":{"line":120,"column":1}},"24":{"start":{"line":110,"column":4},"end":{"line":119,"column":5}},"25":{"start":{"line":121,"column":4},"end":{"line":134,"column":5}},"26":{"start":{"line":128,"column":16},"end":{"line":128,"column":58}},"27":{"start":{"line":138,"column":15},"end":{"line":168,"column":6}}},"fnMap":{"0":{"name":"(anonymous_0)","decl":{"start":{"line":7,"column":18},"end":{"line":7,"column":19}},"loc":{"start":{"line":8,"column":4},"end":{"line":16,"column":12}},"line":8},"1":{"name":"(anonymous_1)","decl":{"start":{"line":50,"column":16},"end":{"line":50,"column":17}},"loc":{"start":{"line":50,"column":41},"end":{"line":56,"column":1}},"line":50},"2":{"name":"(anonymous_2)","decl":{"start":{"line":52,"column":18},"end":{"line":52,"column":19}},"loc":{"start":{"line":52,"column":29},"end":{"line":54,"column":5}},"line":52},"3":{"name":"(anonymous_3)","decl":{"start":{"line":67,"column":30},"end":{"line":67,"column":31}},"loc":{"start":{"line":67,"column":36},"end":{"line":135,"column":1}},"line":67},"4":{"name":"(anonymous_4)","decl":{"start":{"line":73,"column":19},"end":{"line":73,"column":20}},"loc":{"start":{"line":73,"column":47},"end":{"line":107,"column":1}},"line":73},"5":{"name":"(anonymous_5)","decl":{"start":{"line":74,"column":21},"end":{"line":74,"column":22}},"loc":{"start":{"line":74,"column":80},"end":{"line":89,"column":5}},"line":74},"6":{"name":"(anonymous_6)","decl":{"start":{"line":80,"column":37},"end":{"line":80,"column":38}},"loc":{"start":{"line":80,"column":48},"end":{"line":85,"column":9}},"line":80},"7":{"name":"(anonymous_7)","decl":{"start":{"line":109,"column":30},"end":{"line":109,"column":31}},"loc":{"start":{"line":109,"column":46},"end":{"line":120,"column":1}},"line":109},"8":{"name":"(anonymous_8)","decl":{"start":{"line":127,"column":33},"end":{"line":127,"column":34}},"loc":{"start":{"line":128,"column":16},"end":{"line":128,"column":58}},"line":128}},"branchMap":{"0":{"loc":{"start":{"line":81,"column":12},"end":{"line":83,"column":13}},"type":"if","locations":[{"start":{"line":81,"column":12},"end":{"line":83,"column":13}},{"start":{},"end":{}}],"line":81},"1":{"loc":{"start":{"line":99,"column":16},"end":{"line":99,"column":72}},"type":"cond-expr","locations":[{"start":{"line":99,"column":37},"end":{"line":99,"column":47}},{"start":{"line":99,"column":50},"end":{"line":99,"column":72}}],"line":99},"2":{"loc":{"start":{"line":100,"column":16},"end":{"line":100,"column":57}},"type":"cond-expr","locations":[{"start":{"line":100,"column":40},"end":{"line":100,"column":50}},{"start":{"line":100,"column":53},"end":{"line":100,"column":57}}],"line":100},"3":{"loc":{"start":{"line":101,"column":16},"end":{"line":101,"column":83}},"type":"cond-expr","locations":[{"start":{"line":101,"column":68},"end":{"line":101,"column":76}},{"start":{"line":101,"column":79},"end":{"line":101,"column":83}}],"line":101},"4":{"loc":{"start":{"line":101,"column":16},"end":{"line":101,"column":64}},"type":"binary-expr","locations":[{"start":{"line":101,"column":16},"end":{"line":101,"column":42}},{"start":{"line":101,"column":46},"end":{"line":101,"column":64}}],"line":101}},"s":{"0":3,"1":33,"2":3,"3":3,"4":3,"5":3,"6":3,"7":3,"8":3,"9":33,"10":3,"11":3,"12":3,"13":3,"14":3,"15":33,"16":0,"17":0,"18":0,"19":0,"20":0,"21":0,"22":33,"23":3,"24":9,"25":3,"26":9,"27":3},"f":{"0":33,"1":3,"2":33,"3":3,"4":33,"5":0,"6":0,"7":9,"8":9},"b":{"0":[0,0],"1":[3,30],"2":[3,30],"3":[6,27],"4":[33,30]},"_coverageSchema":"1a1c01bbd47fc00a2c39e90264f33305004495a9","hash":"c572f64d8907db6e57a597a199d229568f590bb3"}
,"C:\\Users\\chris\\ecommerce-reactnative-redux\\components\\checkout\\checkOutUI\\index.tsx": {"path":"C:\\Users\\chris\\ecommerce-reactnative-redux\\components\\checkout\\checkOutUI\\index.tsx","statementMap":{"0":{"start":{"line":15,"column":19},"end":{"line":48,"column":1}},"1":{"start":{"line":16,"column":23},"end":{"line":16,"column":58}},"2":{"start":{"line":17,"column":21},"end":{"line":17,"column":34}},"3":{"start":{"line":19,"column":27},"end":{"line":22,"column":5}},"4":{"start":{"line":20,"column":7},"end":{"line":20,"column":38}},"5":{"start":{"line":24,"column":33},"end":{"line":24,"column":82}},"6":{"start":{"line":24,"column":67},"end":{"line":24,"column":81}},"7":{"start":{"line":25,"column":4},"end":{"line":25,"column":27}},"8":{"start":{"line":27,"column":4},"end":{"line":29,"column":5}},"9":{"start":{"line":28,"column":8},"end":{"line":28,"column":51}},"10":{"start":{"line":33,"column":4},"end":{"line":33,"column":35}},"11":{"start":{"line":34,"column":4},"end":{"line":47,"column":5}},"12":{"start":{"line":39,"column":36},"end":{"line":39,"column":62}},"13":{"start":{"line":49,"column":15},"end":{"line":78,"column":2}}},"fnMap":{"0":{"name":"(anonymous_0)","decl":{"start":{"line":15,"column":19},"end":{"line":15,"column":20}},"loc":{"start":{"line":15,"column":49},"end":{"line":48,"column":1}},"line":15},"1":{"name":"(anonymous_1)","decl":{"start":{"line":19,"column":27},"end":{"line":19,"column":28}},"loc":{"start":{"line":19,"column":63},"end":{"line":22,"column":5}},"line":19},"2":{"name":"(anonymous_2)","decl":{"start":{"line":24,"column":45},"end":{"line":24,"column":46}},"loc":{"start":{"line":24,"column":67},"end":{"line":24,"column":81}},"line":24},"3":{"name":"(anonymous_3)","decl":{"start":{"line":39,"column":30},"end":{"line":39,"column":31}},"loc":{"start":{"line":39,"column":36},"end":{"line":39,"column":62}},"line":39}},"branchMap":{"0":{"loc":{"start":{"line":27,"column":4},"end":{"line":29,"column":5}},"type":"if","locations":[{"start":{"line":27,"column":4},"end":{"line":29,"column":5}},{"start":{},"end":{}}],"line":27},"1":{"loc":{"start":{"line":35,"column":8},"end":{"line":46,"column":26}},"type":"cond-expr","locations":[{"start":{"line":36,"column":12},"end":{"line":46,"column":19}},{"start":{"line":46,"column":22},"end":{"line":46,"column":26}}],"line":35}},"s":{"0":2,"1":2,"2":2,"3":2,"4":0,"5":2,"6":2,"7":2,"8":2,"9":0,"10":2,"11":2,"12":0,"13":2},"f":{"0":2,"1":0,"2":2,"3":0},"b":{"0":[0,2],"1":[0,2]},"_coverageSchema":"1a1c01bbd47fc00a2c39e90264f33305004495a9","hash":"7e8bddcba032c583909bfa3fbb1f8beee1ca0186"}
,"C:\\Users\\chris\\ecommerce-reactnative-redux\\components\\header\\index.tsx": {"path":"C:\\Users\\chris\\ecommerce-reactnative-redux\\components\\header\\index.tsx","statementMap":{"0":{"start":{"line":17,"column":15},"end":{"line":40,"column":3}},"1":{"start":{"line":18,"column":19},"end":{"line":18,"column":32}},"2":{"start":{"line":19,"column":21},"end":{"line":19,"column":52}},"3":{"start":{"line":21,"column":18},"end":{"line":27,"column":3}},"4":{"start":{"line":22,"column":4},"end":{"line":22,"column":31}},"5":{"start":{"line":25,"column":4},"end":{"line":25,"column":43}},"6":{"start":{"line":26,"column":4},"end":{"line":26,"column":31}},"7":{"start":{"line":30,"column":4},"end":{"line":39,"column":6}},"8":{"start":{"line":35,"column":25},"end":{"line":35,"column":44}},"9":{"start":{"line":43,"column":17},"end":{"line":55,"column":4}}},"fnMap":{"0":{"name":"(anonymous_0)","decl":{"start":{"line":17,"column":15},"end":{"line":17,"column":16}},"loc":{"start":{"line":17,"column":33},"end":{"line":40,"column":3}},"line":17},"1":{"name":"(anonymous_1)","decl":{"start":{"line":21,"column":18},"end":{"line":21,"column":19}},"loc":{"start":{"line":21,"column":49},"end":{"line":27,"column":3}},"line":21},"2":{"name":"(anonymous_2)","decl":{"start":{"line":35,"column":19},"end":{"line":35,"column":20}},"loc":{"start":{"line":35,"column":25},"end":{"line":35,"column":44}},"line":35}},"branchMap":{},"s":{"0":1,"1":1,"2":1,"3":1,"4":0,"5":0,"6":0,"7":1,"8":0,"9":1},"f":{"0":1,"1":0,"2":0},"b":{},"_coverageSchema":"1a1c01bbd47fc00a2c39e90264f33305004495a9","hash":"99e6d44da1c5f8fa7c0f32ed3db34a14fab64a67"}
,"C:\\Users\\chris\\ecommerce-reactnative-redux\\components\\product\\ProductDetail\\index.tsx": {"path":"C:\\Users\\chris\\ecommerce-reactnative-redux\\components\\product\\ProductDetail\\index.tsx","statementMap":{"0":{"start":{"line":9,"column":29},"end":{"line":38,"column":1}},"1":{"start":{"line":10,"column":32},"end":{"line":10,"column":80}},"2":{"start":{"line":10,"column":66},"end":{"line":10,"column":79}},"3":{"start":{"line":12,"column":4},"end":{"line":14,"column":5}},"4":{"start":{"line":13,"column":8},"end":{"line":13,"column":58}},"5":{"start":{"line":16,"column":2},"end":{"line":37,"column":3}},"6":{"start":{"line":41,"column":15},"end":{"line":77,"column":2}}},"fnMap":{"0":{"name":"(anonymous_0)","decl":{"start":{"line":9,"column":29},"end":{"line":9,"column":30}},"loc":{"start":{"line":9,"column":58},"end":{"line":38,"column":1}},"line":9},"1":{"name":"(anonymous_1)","decl":{"start":{"line":10,"column":44},"end":{"line":10,"column":45}},"loc":{"start":{"line":10,"column":66},"end":{"line":10,"column":79}},"line":10}},"branchMap":{"0":{"loc":{"start":{"line":12,"column":4},"end":{"line":14,"column":5}},"type":"if","locations":[{"start":{"line":12,"column":4},"end":{"line":14,"column":5}},{"start":{},"end":{}}],"line":12}},"s":{"0":2,"1":1,"2":1,"3":1,"4":0,"5":1,"6":2},"f":{"0":1,"1":1},"b":{"0":[0,1]},"_coverageSchema":"1a1c01bbd47fc00a2c39e90264f33305004495a9","hash":"d756bdacc55ec850cda8a0e294434ec26a13efcb"}
,"C:\\Users\\chris\\ecommerce-reactnative-redux\\components\\product\\productCategory\\index.tsx": {"path":"C:\\Users\\chris\\ecommerce-reactnative-redux\\components\\product\\productCategory\\index.tsx","statementMap":{"0":{"start":{"line":11,"column":13},"end":{"line":24,"column":3}},"1":{"start":{"line":12,"column":4},"end":{"line":23,"column":23}},"2":{"start":{"line":31,"column":24},"end":{"line":112,"column":1}},"3":{"start":{"line":33,"column":31},"end":{"line":33,"column":79}},"4":{"start":{"line":33,"column":65},"end":{"line":33,"column":78}},"5":{"start":{"line":35,"column":25},"end":{"line":35,"column":27}},"6":{"start":{"line":36,"column":31},"end":{"line":36,"column":33}},"7":{"start":{"line":37,"column":35},"end":{"line":37,"column":37}},"8":{"start":{"line":40,"column":4},"end":{"line":44,"column":5}},"9":{"start":{"line":41,"column":8},"end":{"line":41,"column":49}},"10":{"start":{"line":42,"column":8},"end":{"line":42,"column":61}},"11":{"start":{"line":43,"column":8},"end":{"line":43,"column":69}},"12":{"start":{"line":47,"column":20},"end":{"line":47,"column":33}},"13":{"start":{"line":49,"column":29},"end":{"line":52,"column":5}},"14":{"start":{"line":50,"column":8},"end":{"line":50,"column":43}},"15":{"start":{"line":51,"column":8},"end":{"line":51,"column":38}},"16":{"start":{"line":56,"column":4},"end":{"line":59,"column":10}},"17":{"start":{"line":57,"column":8},"end":{"line":57,"column":32}},"18":{"start":{"line":62,"column":29},"end":{"line":62,"column":31}},"19":{"start":{"line":64,"column":4},"end":{"line":66,"column":5}},"20":{"start":{"line":65,"column":8},"end":{"line":65,"column":129}},"21":{"start":{"line":65,"column":57},"end":{"line":65,"column":128}},"22":{"start":{"line":65,"column":98},"end":{"line":65,"column":127}},"23":{"start":{"line":68,"column":23},"end":{"line":81,"column":5}},"24":{"start":{"line":71,"column":8},"end":{"line":79,"column":9}},"25":{"start":{"line":74,"column":31},"end":{"line":74,"column":62}},"26":{"start":{"line":83,"column":4},"end":{"line":111,"column":5}},"27":{"start":{"line":116,"column":15},"end":{"line":133,"column":2}}},"fnMap":{"0":{"name":"(anonymous_0)","decl":{"start":{"line":11,"column":13},"end":{"line":11,"column":14}},"loc":{"start":{"line":12,"column":4},"end":{"line":23,"column":23}},"line":12},"1":{"name":"(anonymous_1)","decl":{"start":{"line":31,"column":24},"end":{"line":31,"column":25}},"loc":{"start":{"line":31,"column":29},"end":{"line":112,"column":1}},"line":31},"2":{"name":"(anonymous_2)","decl":{"start":{"line":33,"column":43},"end":{"line":33,"column":44}},"loc":{"start":{"line":33,"column":65},"end":{"line":33,"column":78}},"line":33},"3":{"name":"(anonymous_3)","decl":{"start":{"line":49,"column":29},"end":{"line":49,"column":30}},"loc":{"start":{"line":49,"column":47},"end":{"line":52,"column":5}},"line":49},"4":{"name":"(anonymous_4)","decl":{"start":{"line":56,"column":14},"end":{"line":56,"column":15}},"loc":{"start":{"line":56,"column":20},"end":{"line":59,"column":5}},"line":56},"5":{"name":"(anonymous_5)","decl":{"start":{"line":65,"column":34},"end":{"line":65,"column":35}},"loc":{"start":{"line":65,"column":57},"end":{"line":65,"column":128}},"line":65},"6":{"name":"(anonymous_6)","decl":{"start":{"line":65,"column":85},"end":{"line":65,"column":86}},"loc":{"start":{"line":65,"column":98},"end":{"line":65,"column":127}},"line":65},"7":{"name":"(anonymous_7)","decl":{"start":{"line":68,"column":23},"end":{"line":68,"column":24}},"loc":{"start":{"line":68,"column":59},"end":{"line":81,"column":5}},"line":68},"8":{"name":"(anonymous_8)","decl":{"start":{"line":74,"column":25},"end":{"line":74,"column":26}},"loc":{"start":{"line":74,"column":31},"end":{"line":74,"column":62}},"line":74}},"branchMap":{"0":{"loc":{"start":{"line":40,"column":4},"end":{"line":44,"column":5}},"type":"if","locations":[{"start":{"line":40,"column":4},"end":{"line":44,"column":5}},{"start":{},"end":{}}],"line":40},"1":{"loc":{"start":{"line":64,"column":4},"end":{"line":66,"column":5}},"type":"if","locations":[{"start":{"line":64,"column":4},"end":{"line":66,"column":5}},{"start":{},"end":{}}],"line":64},"2":{"loc":{"start":{"line":64,"column":7},"end":{"line":64,"column":54}},"type":"binary-expr","locations":[{"start":{"line":64,"column":7},"end":{"line":64,"column":32}},{"start":{"line":64,"column":36},"end":{"line":64,"column":54}}],"line":64},"3":{"loc":{"start":{"line":84,"column":8},"end":{"line":99,"column":15}},"type":"cond-expr","locations":[{"start":{"line":84,"column":67},"end":{"line":84,"column":71}},{"start":{"line":85,"column":8},"end":{"line":99,"column":15}}],"line":84},"4":{"loc":{"start":{"line":84,"column":8},"end":{"line":84,"column":64}},"type":"binary-expr","locations":[{"start":{"line":84,"column":8},"end":{"line":84,"column":36}},{"start":{"line":84,"column":40},"end":{"line":84,"column":64}}],"line":84}},"s":{"0":2,"1":0,"2":2,"3":3,"4":5,"5":3,"6":3,"7":3,"8":3,"9":2,"10":2,"11":2,"12":3,"13":3,"14":0,"15":0,"16":3,"17":2,"18":3,"19":3,"20":0,"21":0,"22":0,"23":3,"24":0,"25":0,"26":3,"27":2},"f":{"0":0,"1":3,"2":5,"3":0,"4":2,"5":0,"6":0,"7":0,"8":0},"b":{"0":[2,1],"1":[0,3],"2":[3,3],"3":[1,2],"4":[3,3]},"_coverageSchema":"1a1c01bbd47fc00a2c39e90264f33305004495a9","hash":"f3c7ce8f951105e3bf4314c90c6326306b8a17eb"}
,"C:\\Users\\chris\\ecommerce-reactnative-redux\\components\\product\\productImage\\index.tsx": {"path":"C:\\Users\\chris\\ecommerce-reactnative-redux\\components\\product\\productImage\\index.tsx","statementMap":{"0":{"start":{"line":6,"column":21},"end":{"line":39,"column":1}},"1":{"start":{"line":7,"column":22},"end":{"line":7,"column":35}},"2":{"start":{"line":9,"column":8},"end":{"line":38,"column":5}},"3":{"start":{"line":11,"column":12},"end":{"line":11,"column":71}},"4":{"start":{"line":12,"column":12},"end":{"line":12,"column":18}},"5":{"start":{"line":14,"column":12},"end":{"line":14,"column":71}},"6":{"start":{"line":15,"column":12},"end":{"line":15,"column":18}},"7":{"start":{"line":17,"column":12},"end":{"line":17,"column":65}},"8":{"start":{"line":18,"column":12},"end":{"line":18,"column":18}},"9":{"start":{"line":20,"column":12},"end":{"line":20,"column":64}},"10":{"start":{"line":21,"column":12},"end":{"line":21,"column":18}},"11":{"start":{"line":23,"column":12},"end":{"line":23,"column":65}},"12":{"start":{"line":24,"column":12},"end":{"line":24,"column":18}},"13":{"start":{"line":26,"column":12},"end":{"line":26,"column":71}},"14":{"start":{"line":27,"column":12},"end":{"line":27,"column":18}},"15":{"start":{"line":29,"column":12},"end":{"line":29,"column":64}},"16":{"start":{"line":30,"column":12},"end":{"line":30,"column":18}},"17":{"start":{"line":32,"column":12},"end":{"line":32,"column":61}},"18":{"start":{"line":33,"column":12},"end":{"line":33,"column":18}}},"fnMap":{"0":{"name":"(anonymous_0)","decl":{"start":{"line":6,"column":21},"end":{"line":6,"column":22}},"loc":{"start":{"line":6,"column":36},"end":{"line":39,"column":1}},"line":6}},"branchMap":{"0":{"loc":{"start":{"line":9,"column":8},"end":{"line":38,"column":5}},"type":"switch","locations":[{"start":{"line":10,"column":10},"end":{"line":12,"column":18}},{"start":{"line":13,"column":10},"end":{"line":15,"column":18}},{"start":{"line":16,"column":10},"end":{"line":18,"column":18}},{"start":{"line":19,"column":10},"end":{"line":21,"column":18}},{"start":{"line":22,"column":10},"end":{"line":24,"column":18}},{"start":{"line":25,"column":10},"end":{"line":27,"column":18}},{"start":{"line":28,"column":10},"end":{"line":30,"column":18}},{"start":{"line":31,"column":10},"end":{"line":33,"column":18}}],"line":9}},"s":{"0":4,"1":12,"2":12,"3":1,"4":0,"5":0,"6":0,"7":1,"8":0,"9":0,"10":0,"11":0,"12":0,"13":0,"14":0,"15":0,"16":0,"17":0,"18":0},"f":{"0":12},"b":{"0":[1,0,1,0,0,0,0,0]},"_coverageSchema":"1a1c01bbd47fc00a2c39e90264f33305004495a9","hash":"0d2b867149d3e12a64b32b2182fc35937db742b0"}
,"C:\\Users\\chris\\ecommerce-reactnative-redux\\components\\product\\productResult\\index.tsx": {"path":"C:\\Users\\chris\\ecommerce-reactnative-redux\\components\\product\\productResult\\index.tsx","statementMap":{"0":{"start":{"line":13,"column":22},"end":{"line":64,"column":1}},"1":{"start":{"line":15,"column":19},"end":{"line":15,"column":32}},"2":{"start":{"line":17,"column":26},"end":{"line":21,"column":3}},"3":{"start":{"line":19,"column":4},"end":{"line":19,"column":38}},"4":{"start":{"line":26,"column":32},"end":{"line":26,"column":80}},"5":{"start":{"line":26,"column":66},"end":{"line":26,"column":79}},"6":{"start":{"line":27,"column":28},"end":{"line":27,"column":61}},"7":{"start":{"line":29,"column":23},"end":{"line":46,"column":5}},"8":{"start":{"line":31,"column":6},"end":{"line":45,"column":7}},"9":{"start":{"line":33,"column":42},"end":{"line":33,"column":63}},"10":{"start":{"line":49,"column":4},"end":{"line":62,"column":5}},"11":{"start":{"line":55,"column":16},"end":{"line":55,"column":45}},"12":{"start":{"line":67,"column":15},"end":{"line":89,"column":4}}},"fnMap":{"0":{"name":"(anonymous_0)","decl":{"start":{"line":13,"column":22},"end":{"line":13,"column":23}},"loc":{"start":{"line":13,"column":27},"end":{"line":64,"column":1}},"line":13},"1":{"name":"(anonymous_1)","decl":{"start":{"line":17,"column":26},"end":{"line":17,"column":27}},"loc":{"start":{"line":17,"column":40},"end":{"line":21,"column":3}},"line":17},"2":{"name":"(anonymous_2)","decl":{"start":{"line":26,"column":44},"end":{"line":26,"column":45}},"loc":{"start":{"line":26,"column":66},"end":{"line":26,"column":79}},"line":26},"3":{"name":"(anonymous_3)","decl":{"start":{"line":29,"column":23},"end":{"line":29,"column":24}},"loc":{"start":{"line":29,"column":39},"end":{"line":46,"column":5}},"line":29},"4":{"name":"(anonymous_4)","decl":{"start":{"line":33,"column":36},"end":{"line":33,"column":37}},"loc":{"start":{"line":33,"column":42},"end":{"line":33,"column":63}},"line":33},"5":{"name":"(anonymous_5)","decl":{"start":{"line":55,"column":10},"end":{"line":55,"column":11}},"loc":{"start":{"line":55,"column":16},"end":{"line":55,"column":45}},"line":55}},"branchMap":{},"s":{"0":1,"1":2,"2":2,"3":0,"4":2,"5":4,"6":2,"7":2,"8":0,"9":0,"10":2,"11":0,"12":1},"f":{"0":2,"1":0,"2":4,"3":0,"4":0,"5":0},"b":{},"_coverageSchema":"1a1c01bbd47fc00a2c39e90264f33305004495a9","hash":"5ba606ee20b66e8492b993fe4e788f279e48afd2"}
,"C:\\Users\\chris\\ecommerce-reactnative-redux\\components\\product\\productUI\\index.tsx": {"path":"C:\\Users\\chris\\ecommerce-reactnative-redux\\components\\product\\productUI\\index.tsx","statementMap":{"0":{"start":{"line":14,"column":18},"end":{"line":74,"column":1}},"1":{"start":{"line":15,"column":21},"end":{"line":15,"column":34}},"2":{"start":{"line":17,"column":32},"end":{"line":17,"column":80}},"3":{"start":{"line":17,"column":66},"end":{"line":17,"column":79}},"4":{"start":{"line":18,"column":24},"end":{"line":18,"column":53}},"5":{"start":{"line":21,"column":29},"end":{"line":21,"column":73}},"6":{"start":{"line":21,"column":62},"end":{"line":21,"column":72}},"7":{"start":{"line":23,"column":28},"end":{"line":25,"column":5}},"8":{"start":{"line":24,"column":8},"end":{"line":24,"column":43}},"9":{"start":{"line":27,"column":23},"end":{"line":27,"column":54}},"10":{"start":{"line":29,"column":27},"end":{"line":32,"column":5}},"11":{"start":{"line":31,"column":8},"end":{"line":31,"column":35}},"12":{"start":{"line":33,"column":16},"end":{"line":33,"column":17}},"13":{"start":{"line":36,"column":4},"end":{"line":44,"column":5}},"14":{"start":{"line":37,"column":8},"end":{"line":43,"column":10}},"15":{"start":{"line":39,"column":12},"end":{"line":41,"column":13}},"16":{"start":{"line":40,"column":16},"end":{"line":40,"column":43}},"17":{"start":{"line":48,"column":4},"end":{"line":73,"column":5}},"18":{"start":{"line":53,"column":33},"end":{"line":53,"column":50}},"19":{"start":{"line":63,"column":32},"end":{"line":63,"column":58}},"20":{"start":{"line":75,"column":15},"end":{"line":123,"column":2}}},"fnMap":{"0":{"name":"(anonymous_0)","decl":{"start":{"line":14,"column":18},"end":{"line":14,"column":19}},"loc":{"start":{"line":14,"column":24},"end":{"line":74,"column":1}},"line":14},"1":{"name":"(anonymous_1)","decl":{"start":{"line":17,"column":44},"end":{"line":17,"column":45}},"loc":{"start":{"line":17,"column":66},"end":{"line":17,"column":79}},"line":17},"2":{"name":"(anonymous_2)","decl":{"start":{"line":21,"column":41},"end":{"line":21,"column":42}},"loc":{"start":{"line":21,"column":62},"end":{"line":21,"column":72}},"line":21},"3":{"name":"(anonymous_3)","decl":{"start":{"line":23,"column":28},"end":{"line":23,"column":29}},"loc":{"start":{"line":23,"column":33},"end":{"line":25,"column":5}},"line":23},"4":{"name":"(anonymous_4)","decl":{"start":{"line":29,"column":27},"end":{"line":29,"column":28}},"loc":{"start":{"line":29,"column":59},"end":{"line":32,"column":5}},"line":29},"5":{"name":"(anonymous_5)","decl":{"start":{"line":37,"column":42},"end":{"line":37,"column":43}},"loc":{"start":{"line":37,"column":51},"end":{"line":43,"column":9}},"line":37},"6":{"name":"(anonymous_6)","decl":{"start":{"line":53,"column":27},"end":{"line":53,"column":28}},"loc":{"start":{"line":53,"column":33},"end":{"line":53,"column":50}},"line":53},"7":{"name":"(anonymous_7)","decl":{"start":{"line":63,"column":26},"end":{"line":63,"column":27}},"loc":{"start":{"line":63,"column":32},"end":{"line":63,"column":58}},"line":63}},"branchMap":{"0":{"loc":{"start":{"line":36,"column":4},"end":{"line":44,"column":5}},"type":"if","locations":[{"start":{"line":36,"column":4},"end":{"line":44,"column":5}},{"start":{},"end":{}}],"line":36},"1":{"loc":{"start":{"line":39,"column":12},"end":{"line":41,"column":13}},"type":"if","locations":[{"start":{"line":39,"column":12},"end":{"line":41,"column":13}},{"start":{},"end":{}}],"line":39}},"s":{"0":1,"1":0,"2":0,"3":0,"4":0,"5":0,"6":0,"7":0,"8":0,"9":0,"10":0,"11":0,"12":0,"13":0,"14":0,"15":0,"16":0,"17":0,"18":0,"19":0,"20":1},"f":{"0":0,"1":0,"2":0,"3":0,"4":0,"5":0,"6":0,"7":0},"b":{"0":[0,0],"1":[0,0]},"_coverageSchema":"1a1c01bbd47fc00a2c39e90264f33305004495a9","hash":"5a0eb2338d10e9fa990010e5fa1829e0e69c13cd"}
,"C:\\Users\\chris\\ecommerce-reactnative-redux\\components\\purchase\\purchaseDetails\\index.tsx": {"path":"C:\\Users\\chris\\ecommerce-reactnative-redux\\components\\purchase\\purchaseDetails\\index.tsx","statementMap":{"0":{"start":{"line":4,"column":23},"end":{"line":13,"column":1}},"1":{"start":{"line":6,"column":4},"end":{"line":12,"column":5}},"2":{"start":{"line":15,"column":15},"end":{"line":23,"column":2}}},"fnMap":{"0":{"name":"(anonymous_0)","decl":{"start":{"line":4,"column":23},"end":{"line":4,"column":24}},"loc":{"start":{"line":4,"column":29},"end":{"line":13,"column":1}},"line":4}},"branchMap":{},"s":{"0":1,"1":0,"2":1},"f":{"0":0},"b":{},"_coverageSchema":"1a1c01bbd47fc00a2c39e90264f33305004495a9","hash":"18098683bcaf83593009568fb7a2a24330554b20"}
,"C:\\Users\\chris\\ecommerce-reactnative-redux\\components\\search\\index.tsx": {"path":"C:\\Users\\chris\\ecommerce-reactnative-redux\\components\\search\\index.tsx","statementMap":{"0":{"start":{"line":11,"column":15},"end":{"line":49,"column":1}},"1":{"start":{"line":12,"column":21},"end":{"line":12,"column":34}},"2":{"start":{"line":15,"column":32},"end":{"line":15,"column":80}},"3":{"start":{"line":15,"column":66},"end":{"line":15,"column":79}},"4":{"start":{"line":18,"column":34},"end":{"line":18,"column":71}},"5":{"start":{"line":20,"column":31},"end":{"line":20,"column":70}},"6":{"start":{"line":22,"column":4},"end":{"line":25,"column":16}},"7":{"start":{"line":23,"column":8},"end":{"line":23,"column":42}},"8":{"start":{"line":24,"column":8},"end":{"line":24,"column":35}},"9":{"start":{"line":27,"column":4},"end":{"line":48,"column":5}},"10":{"start":{"line":32,"column":20},"end":{"line":32,"column":97}},"11":{"start":{"line":33,"column":20},"end":{"line":33,"column":38}},"12":{"start":{"line":51,"column":15},"end":{"line":79,"column":4}}},"fnMap":{"0":{"name":"(anonymous_0)","decl":{"start":{"line":11,"column":15},"end":{"line":11,"column":16}},"loc":{"start":{"line":11,"column":21},"end":{"line":49,"column":1}},"line":11},"1":{"name":"(anonymous_1)","decl":{"start":{"line":15,"column":44},"end":{"line":15,"column":45}},"loc":{"start":{"line":15,"column":66},"end":{"line":15,"column":79}},"line":15},"2":{"name":"(anonymous_2)","decl":{"start":{"line":22,"column":14},"end":{"line":22,"column":15}},"loc":{"start":{"line":22,"column":20},"end":{"line":25,"column":7}},"line":22},"3":{"name":"(anonymous_3)","decl":{"start":{"line":31,"column":30},"end":{"line":31,"column":31}},"loc":{"start":{"line":31,"column":58},"end":{"line":34,"column":17}},"line":31}},"branchMap":{"0":{"loc":{"start":{"line":32,"column":20},"end":{"line":32,"column":97}},"type":"cond-expr","locations":[{"start":{"line":32,"column":47},"end":{"line":32,"column":89}},{"start":{"line":32,"column":93},"end":{"line":32,"column":97}}],"line":32},"1":{"loc":{"start":{"line":32,"column":47},"end":{"line":32,"column":89}},"type":"cond-expr","locations":[{"start":{"line":32,"column":66},"end":{"line":32,"column":82}},{"start":{"line":32,"column":85},"end":{"line":32,"column":89}}],"line":32},"2":{"loc":{"start":{"line":35,"column":32},"end":{"line":35,"column":74}},"type":"cond-expr","locations":[{"start":{"line":35,"column":46},"end":{"line":35,"column":67}},{"start":{"line":35,"column":70},"end":{"line":35,"column":74}}],"line":35}},"s":{"0":1,"1":2,"2":2,"3":4,"4":2,"5":2,"6":2,"7":1,"8":1,"9":2,"10":0,"11":0,"12":1},"f":{"0":2,"1":4,"2":1,"3":0},"b":{"0":[0,0],"1":[0,0],"2":[2,0]},"_coverageSchema":"1a1c01bbd47fc00a2c39e90264f33305004495a9","hash":"7c8baf64feee872c486ba8d0362154c6a67a4349"}
,"C:\\Users\\chris\\ecommerce-reactnative-redux\\layouts\\CheckoutPageLayout.tsx": {"path":"C:\\Users\\chris\\ecommerce-reactnative-redux\\layouts\\CheckoutPageLayout.tsx","statementMap":{"0":{"start":{"line":8,"column":27},"end":{"line":18,"column":1}},"1":{"start":{"line":9,"column":4},"end":{"line":16,"column":5}}},"fnMap":{"0":{"name":"(anonymous_0)","decl":{"start":{"line":8,"column":27},"end":{"line":8,"column":28}},"loc":{"start":{"line":8,"column":41},"end":{"line":18,"column":1}},"line":8}},"branchMap":{},"s":{"0":1,"1":0},"f":{"0":0},"b":{},"_coverageSchema":"1a1c01bbd47fc00a2c39e90264f33305004495a9","hash":"c7470f7598bf21e601b79604dadeef07134475f2"}
,"C:\\Users\\chris\\ecommerce-reactnative-redux\\layouts\\HomePageLayout.tsx": {"path":"C:\\Users\\chris\\ecommerce-reactnative-redux\\layouts\\HomePageLayout.tsx","statementMap":{"0":{"start":{"line":7,"column":23},"end":{"line":21,"column":1}},"1":{"start":{"line":9,"column":4},"end":{"line":15,"column":5}}},"fnMap":{"0":{"name":"(anonymous_0)","decl":{"start":{"line":7,"column":23},"end":{"line":7,"column":24}},"loc":{"start":{"line":7,"column":38},"end":{"line":21,"column":1}},"line":7}},"branchMap":{},"s":{"0":1,"1":1},"f":{"0":1},"b":{},"_coverageSchema":"1a1c01bbd47fc00a2c39e90264f33305004495a9","hash":"5c895578b02a313015a08db3bcf15cda61441198"}
,"C:\\Users\\chris\\ecommerce-reactnative-redux\\layouts\\ProductPageLayout.tsx": {"path":"C:\\Users\\chris\\ecommerce-reactnative-redux\\layouts\\ProductPageLayout.tsx","statementMap":{"0":{"start":{"line":5,"column":26},"end":{"line":13,"column":1}},"1":{"start":{"line":6,"column":4},"end":{"line":12,"column":5}}},"fnMap":{"0":{"name":"(anonymous_0)","decl":{"start":{"line":5,"column":26},"end":{"line":5,"column":27}},"loc":{"start":{"line":5,"column":40},"end":{"line":13,"column":1}},"line":5}},"branchMap":{},"s":{"0":1,"1":0},"f":{"0":0},"b":{},"_coverageSchema":"1a1c01bbd47fc00a2c39e90264f33305004495a9","hash":"095a71b1eadeaa54ff80afdde112b860ec3946ac"}
,"C:\\Users\\chris\\ecommerce-reactnative-redux\\pages\\cartpage\\index.tsx": {"path":"C:\\Users\\chris\\ecommerce-reactnative-redux\\pages\\cartpage\\index.tsx","statementMap":{"0":{"start":{"line":5,"column":17},"end":{"line":14,"column":1}},"1":{"start":{"line":9,"column":4},"end":{"line":13,"column":5}},"2":{"start":{"line":16,"column":15},"end":{"line":18,"column":2}}},"fnMap":{"0":{"name":"(anonymous_0)","decl":{"start":{"line":5,"column":17},"end":{"line":5,"column":18}},"loc":{"start":{"line":5,"column":22},"end":{"line":14,"column":1}},"line":5}},"branchMap":{},"s":{"0":1,"1":0,"2":1},"f":{"0":0},"b":{},"_coverageSchema":"1a1c01bbd47fc00a2c39e90264f33305004495a9","hash":"39bff2f283daa69674f8b09fcdb99eb08b2fba85"}
,"C:\\Users\\chris\\ecommerce-reactnative-redux\\pages\\checkoutpage\\index.tsx": {"path":"C:\\Users\\chris\\ecommerce-reactnative-redux\\pages\\checkoutpage\\index.tsx","statementMap":{"0":{"start":{"line":5,"column":21},"end":{"line":11,"column":1}},"1":{"start":{"line":6,"column":4},"end":{"line":10,"column":5}},"2":{"start":{"line":13,"column":15},"end":{"line":15,"column":2}}},"fnMap":{"0":{"name":"(anonymous_0)","decl":{"start":{"line":5,"column":21},"end":{"line":5,"column":22}},"loc":{"start":{"line":5,"column":27},"end":{"line":11,"column":1}},"line":5}},"branchMap":{},"s":{"0":1,"1":0,"2":1},"f":{"0":0},"b":{},"_coverageSchema":"1a1c01bbd47fc00a2c39e90264f33305004495a9","hash":"597479e4c72594381980d3f8320fbd34a12ef9a8"}
,"C:\\Users\\chris\\ecommerce-reactnative-redux\\pages\\homepage\\index.tsx": {"path":"C:\\Users\\chris\\ecommerce-reactnative-redux\\pages\\homepage\\index.tsx","statementMap":{"0":{"start":{"line":9,"column":17},"end":{"line":18,"column":1}},"1":{"start":{"line":11,"column":4},"end":{"line":17,"column":5}},"2":{"start":{"line":20,"column":15},"end":{"line":30,"column":2}}},"fnMap":{"0":{"name":"(anonymous_0)","decl":{"start":{"line":9,"column":17},"end":{"line":9,"column":18}},"loc":{"start":{"line":9,"column":22},"end":{"line":18,"column":1}},"line":9}},"branchMap":{},"s":{"0":1,"1":1,"2":1},"f":{"0":1},"b":{},"_coverageSchema":"1a1c01bbd47fc00a2c39e90264f33305004495a9","hash":"b425861a7eeda9638d20ab5e13a67784b0fb3239"}
,"C:\\Users\\chris\\ecommerce-reactnative-redux\\pages\\productpage\\index.tsx": {"path":"C:\\Users\\chris\\ecommerce-reactnative-redux\\pages\\productpage\\index.tsx","statementMap":{"0":{"start":{"line":11,"column":20},"end":{"line":22,"column":1}},"1":{"start":{"line":15,"column":4},"end":{"line":20,"column":5}}},"fnMap":{"0":{"name":"(anonymous_0)","decl":{"start":{"line":11,"column":20},"end":{"line":11,"column":21}},"loc":{"start":{"line":11,"column":26},"end":{"line":22,"column":1}},"line":11}},"branchMap":{},"s":{"0":1,"1":0},"f":{"0":0},"b":{},"_coverageSchema":"1a1c01bbd47fc00a2c39e90264f33305004495a9","hash":"84e8bb8e8a9021f1312dd449ebf1978fb12f3610"}
,"C:\\Users\\chris\\ecommerce-reactnative-redux\\pages\\purchasepage\\index.tsx": {"path":"C:\\Users\\chris\\ecommerce-reactnative-redux\\pages\\purchasepage\\index.tsx","statementMap":{"0":{"start":{"line":6,"column":21},"end":{"line":12,"column":1}},"1":{"start":{"line":7,"column":4},"end":{"line":11,"column":5}}},"fnMap":{"0":{"name":"(anonymous_0)","decl":{"start":{"line":6,"column":21},"end":{"line":6,"column":22}},"loc":{"start":{"line":6,"column":27},"end":{"line":12,"column":1}},"line":6}},"branchMap":{},"s":{"0":1,"1":0},"f":{"0":0},"b":{},"_coverageSchema":"1a1c01bbd47fc00a2c39e90264f33305004495a9","hash":"e2afdac9eff5c0b8fbf326c28375c340b3d19806"}
,"C:\\Users\\chris\\ecommerce-reactnative-redux\\redux\\createStore.tsx": {"path":"C:\\Users\\chris\\ecommerce-reactnative-redux\\redux\\createStore.tsx","statementMap":{"0":{"start":{"line":11,"column":27},"end":{"line":11,"column":34}},"1":{"start":{"line":16,"column":21},"end":{"line":16,"column":78}},"2":{"start":{"line":17,"column":25},"end":{"line":17,"column":44}}},"fnMap":{},"branchMap":{},"s":{"0":1,"1":1,"2":1},"f":{},"b":{},"_coverageSchema":"1a1c01bbd47fc00a2c39e90264f33305004495a9","hash":"cbe67bd5d9ab711d2a614cd88b8f87208993b660"}
,"C:\\Users\\chris\\ecommerce-reactnative-redux\\redux\\rootReducer.tsx": {"path":"C:\\Users\\chris\\ecommerce-reactnative-redux\\redux\\rootReducer.tsx","statementMap":{"0":{"start":{"line":12,"column":22},"end":{"line":15,"column":1}},"1":{"start":{"line":23,"column":27},"end":{"line":27,"column":2}}},"fnMap":{},"branchMap":{},"s":{"0":7,"1":7},"f":{},"b":{},"_coverageSchema":"1a1c01bbd47fc00a2c39e90264f33305004495a9","hash":"b4ef14030f2ed7c98c66c225ac40e64240cef2c8"}
,"C:\\Users\\chris\\ecommerce-reactnative-redux\\redux\\Cart\\cart.action.tsx": {"path":"C:\\Users\\chris\\ecommerce-reactnative-redux\\redux\\Cart\\cart.action.tsx","statementMap":{"0":{"start":{"line":4,"column":26},"end":{"line":4,"column":28}},"1":{"start":{"line":5,"column":26},"end":{"line":34,"column":1}},"2":{"start":{"line":5,"column":48},"end":{"line":34,"column":1}},"3":{"start":{"line":8,"column":20},"end":{"line":8,"column":48}},"4":{"start":{"line":11,"column":0},"end":{"line":29,"column":5}},"5":{"start":{"line":13,"column":4},"end":{"line":13,"column":32}},"6":{"start":{"line":17,"column":16},"end":{"line":17,"column":21}},"7":{"start":{"line":19,"column":4},"end":{"line":24,"column":6}},"8":{"start":{"line":20,"column":8},"end":{"line":23,"column":9}},"9":{"start":{"line":21,"column":12},"end":{"line":21,"column":25}},"10":{"start":{"line":22,"column":12},"end":{"line":22,"column":31}},"11":{"start":{"line":26,"column":4},"end":{"line":28,"column":5}},"12":{"start":{"line":27,"column":8},"end":{"line":27,"column":36}},"13":{"start":{"line":30,"column":8},"end":{"line":33,"column":10}},"14":{"start":{"line":36,"column":32},"end":{"line":48,"column":1}},"15":{"start":{"line":36,"column":46},"end":{"line":48,"column":1}},"16":{"start":{"line":38,"column":4},"end":{"line":42,"column":18}},"17":{"start":{"line":39,"column":20},"end":{"line":41,"column":21}},"18":{"start":{"line":40,"column":24},"end":{"line":40,"column":37}},"19":{"start":{"line":44,"column":3},"end":{"line":47,"column":6}},"20":{"start":{"line":50,"column":30},"end":{"line":79,"column":1}},"21":{"start":{"line":50,"column":44},"end":{"line":79,"column":1}},"22":{"start":{"line":53,"column":28},"end":{"line":53,"column":69}},"23":{"start":{"line":53,"column":57},"end":{"line":53,"column":68}},"24":{"start":{"line":55,"column":4},"end":{"line":55,"column":46}},"25":{"start":{"line":57,"column":4},"end":{"line":60,"column":6}},"26":{"start":{"line":63,"column":19},"end":{"line":63,"column":42}},"27":{"start":{"line":80,"column":30},"end":{"line":96,"column":1}},"28":{"start":{"line":80,"column":44},"end":{"line":96,"column":1}},"29":{"start":{"line":84,"column":12},"end":{"line":89,"column":14}},"30":{"start":{"line":86,"column":16},"end":{"line":88,"column":17}},"31":{"start":{"line":87,"column":20},"end":{"line":87,"column":33}},"32":{"start":{"line":92,"column":8},"end":{"line":95,"column":10}}},"fnMap":{"0":{"name":"(anonymous_0)","decl":{"start":{"line":5,"column":26},"end":{"line":5,"column":27}},"loc":{"start":{"line":5,"column":48},"end":{"line":34,"column":1}},"line":5},"1":{"name":"(anonymous_1)","decl":{"start":{"line":5,"column":48},"end":{"line":5,"column":49}},"loc":{"start":{"line":5,"column":72},"end":{"line":34,"column":1}},"line":5},"2":{"name":"(anonymous_2)","decl":{"start":{"line":19,"column":21},"end":{"line":19,"column":22}},"loc":{"start":{"line":19,"column":32},"end":{"line":24,"column":5}},"line":19},"3":{"name":"(anonymous_3)","decl":{"start":{"line":36,"column":32},"end":{"line":36,"column":33}},"loc":{"start":{"line":36,"column":46},"end":{"line":48,"column":1}},"line":36},"4":{"name":"(anonymous_4)","decl":{"start":{"line":36,"column":46},"end":{"line":36,"column":47}},"loc":{"start":{"line":36,"column":69},"end":{"line":48,"column":1}},"line":36},"5":{"name":"(anonymous_5)","decl":{"start":{"line":38,"column":21},"end":{"line":38,"column":22}},"loc":{"start":{"line":38,"column":31},"end":{"line":42,"column":17}},"line":38},"6":{"name":"(anonymous_6)","decl":{"start":{"line":50,"column":30},"end":{"line":50,"column":31}},"loc":{"start":{"line":50,"column":44},"end":{"line":79,"column":1}},"line":50},"7":{"name":"(anonymous_7)","decl":{"start":{"line":50,"column":44},"end":{"line":50,"column":45}},"loc":{"start":{"line":50,"column":68},"end":{"line":79,"column":1}},"line":50},"8":{"name":"(anonymous_8)","decl":{"start":{"line":53,"column":51},"end":{"line":53,"column":52}},"loc":{"start":{"line":53,"column":57},"end":{"line":53,"column":68}},"line":53},"9":{"name":"(anonymous_9)","decl":{"start":{"line":80,"column":30},"end":{"line":80,"column":31}},"loc":{"start":{"line":80,"column":44},"end":{"line":96,"column":1}},"line":80},"10":{"name":"(anonymous_10)","decl":{"start":{"line":80,"column":44},"end":{"line":80,"column":45}},"loc":{"start":{"line":80,"column":68},"end":{"line":96,"column":1}},"line":80},"11":{"name":"(anonymous_11)","decl":{"start":{"line":84,"column":29},"end":{"line":84,"column":30}},"loc":{"start":{"line":84,"column":39},"end":{"line":89,"column":13}},"line":84}},"branchMap":{"0":{"loc":{"start":{"line":11,"column":0},"end":{"line":29,"column":5}},"type":"if","locations":[{"start":{"line":11,"column":0},"end":{"line":29,"column":5}},{"start":{"line":14,"column":5},"end":{"line":29,"column":5}}],"line":11},"1":{"loc":{"start":{"line":20,"column":8},"end":{"line":23,"column":9}},"type":"if","locations":[{"start":{"line":20,"column":8},"end":{"line":23,"column":9}},{"start":{},"end":{}}],"line":20},"2":{"loc":{"start":{"line":26,"column":4},"end":{"line":28,"column":5}},"type":"if","locations":[{"start":{"line":26,"column":4},"end":{"line":28,"column":5}},{"start":{},"end":{}}],"line":26},"3":{"loc":{"start":{"line":39,"column":20},"end":{"line":41,"column":21}},"type":"if","locations":[{"start":{"line":39,"column":20},"end":{"line":41,"column":21}},{"start":{},"end":{}}],"line":39},"4":{"loc":{"start":{"line":86,"column":16},"end":{"line":88,"column":17}},"type":"if","locations":[{"start":{"line":86,"column":16},"end":{"line":88,"column":17}},{"start":{},"end":{}}],"line":86},"5":{"loc":{"start":{"line":86,"column":19},"end":{"line":86,"column":58}},"type":"binary-expr","locations":[{"start":{"line":86,"column":19},"end":{"line":86,"column":40}},{"start":{"line":86,"column":44},"end":{"line":86,"column":58}}],"line":86}},"s":{"0":2,"1":2,"2":0,"3":0,"4":0,"5":0,"6":0,"7":0,"8":0,"9":0,"10":0,"11":0,"12":0,"13":0,"14":2,"15":0,"16":0,"17":0,"18":0,"19":0,"20":2,"21":0,"22":0,"23":0,"24":0,"25":0,"26":0,"27":2,"28":0,"29":0,"30":0,"31":0,"32":0},"f":{"0":0,"1":0,"2":0,"3":0,"4":0,"5":0,"6":0,"7":0,"8":0,"9":0,"10":0,"11":0},"b":{"0":[0,0],"1":[0,0],"2":[0,0],"3":[0,0],"4":[0,0],"5":[0,0]},"_coverageSchema":"1a1c01bbd47fc00a2c39e90264f33305004495a9","hash":"f074bb9366e834cb1cd75852ab98df7a1722d075"}
,"C:\\Users\\chris\\ecommerce-reactnative-redux\\redux\\Cart\\cart.reducer.tsx": {"path":"C:\\Users\\chris\\ecommerce-reactnative-redux\\redux\\Cart\\cart.reducer.tsx","statementMap":{"0":{"start":{"line":3,"column":22},"end":{"line":7,"column":1}},"1":{"start":{"line":10,"column":20},"end":{"line":22,"column":5}},"2":{"start":{"line":11,"column":4},"end":{"line":21,"column":9}},"3":{"start":{"line":13,"column":12},"end":{"line":17,"column":13}},"4":{"start":{"line":20,"column":8},"end":{"line":20,"column":21}}},"fnMap":{"0":{"name":"(anonymous_0)","decl":{"start":{"line":10,"column":20},"end":{"line":10,"column":21}},"loc":{"start":{"line":10,"column":61},"end":{"line":22,"column":5}},"line":10}},"branchMap":{"0":{"loc":{"start":{"line":10,"column":21},"end":{"line":10,"column":42}},"type":"default-arg","locations":[{"start":{"line":10,"column":29},"end":{"line":10,"column":42}}],"line":10},"1":{"loc":{"start":{"line":11,"column":4},"end":{"line":21,"column":9}},"type":"switch","locations":[{"start":{"line":12,"column":8},"end":{"line":17,"column":13}},{"start":{"line":18,"column":12},"end":{"line":20,"column":21}}],"line":11}},"s":{"0":7,"1":7,"2":20,"3":0,"4":20},"f":{"0":20},"b":{"0":[15],"1":[0,20]},"_coverageSchema":"1a1c01bbd47fc00a2c39e90264f33305004495a9","hash":"61320a0ca45c318e7c9b6c1abd2e77cb6f625d62"}
,"C:\\Users\\chris\\ecommerce-reactnative-redux\\redux\\Cart\\cart.types.tsx": {"path":"C:\\Users\\chris\\ecommerce-reactnative-redux\\redux\\Cart\\cart.types.tsx","statementMap":{"0":{"start":{"line":1,"column":18},"end":{"line":5,"column":1}}},"fnMap":{},"branchMap":{},"s":{"0":7},"f":{},"b":{},"_coverageSchema":"1a1c01bbd47fc00a2c39e90264f33305004495a9","hash":"a5c740dd5723201edc4e5211f4ea7e50bddc61e3"}
,"C:\\Users\\chris\\ecommerce-reactnative-redux\\redux\\Checkout\\checkout.action.tsx": {"path":"C:\\Users\\chris\\ecommerce-reactnative-redux\\redux\\Checkout\\checkout.action.tsx","statementMap":{"0":{"start":{"line":4,"column":26},"end":{"line":10,"column":1}},"1":{"start":{"line":4,"column":32},"end":{"line":10,"column":1}},"2":{"start":{"line":6,"column":4},"end":{"line":9,"column":10}},"3":{"start":{"line":12,"column":31},"end":{"line":80,"column":1}},"4":{"start":{"line":12,"column":45},"end":{"line":80,"column":1}},"5":{"start":{"line":33,"column":16},"end":{"line":33,"column":21}},"6":{"start":{"line":34,"column":24},"end":{"line":44,"column":5}},"7":{"start":{"line":45,"column":4},"end":{"line":45,"column":28}},"8":{"start":{"line":48,"column":8},"end":{"line":54,"column":9}},"9":{"start":{"line":49,"column":12},"end":{"line":53,"column":13}},"10":{"start":{"line":50,"column":16},"end":{"line":50,"column":107}},"11":{"start":{"line":52,"column":16},"end":{"line":52,"column":129}},"12":{"start":{"line":55,"column":8},"end":{"line":55,"column":21}},"13":{"start":{"line":58,"column":8},"end":{"line":67,"column":6}},"14":{"start":{"line":59,"column":12},"end":{"line":59,"column":121}},"15":{"start":{"line":59,"column":40},"end":{"line":59,"column":65}},"16":{"start":{"line":61,"column":12},"end":{"line":66,"column":13}},"17":{"start":{"line":70,"column":4},"end":{"line":74,"column":5}},"18":{"start":{"line":70,"column":39},"end":{"line":70,"column":65}},"19":{"start":{"line":71,"column":8},"end":{"line":71,"column":21}},"20":{"start":{"line":73,"column":8},"end":{"line":73,"column":20}},"21":{"start":{"line":76,"column":4},"end":{"line":79,"column":6}},"22":{"start":{"line":93,"column":20},"end":{"line":95,"column":1}}},"fnMap":{"0":{"name":"(anonymous_0)","decl":{"start":{"line":4,"column":26},"end":{"line":4,"column":27}},"loc":{"start":{"line":4,"column":32},"end":{"line":10,"column":1}},"line":4},"1":{"name":"(anonymous_1)","decl":{"start":{"line":4,"column":32},"end":{"line":4,"column":33}},"loc":{"start":{"line":4,"column":56},"end":{"line":10,"column":1}},"line":4},"2":{"name":"(anonymous_2)","decl":{"start":{"line":12,"column":31},"end":{"line":12,"column":32}},"loc":{"start":{"line":12,"column":45},"end":{"line":80,"column":1}},"line":12},"3":{"name":"(anonymous_3)","decl":{"start":{"line":12,"column":45},"end":{"line":12,"column":46}},"loc":{"start":{"line":12,"column":68},"end":{"line":80,"column":1}},"line":12},"4":{"name":"valcondition","decl":{"start":{"line":46,"column":13},"end":{"line":46,"column":25}},"loc":{"start":{"line":46,"column":80},"end":{"line":56,"column":5}},"line":46},"5":{"name":"(anonymous_5)","decl":{"start":{"line":58,"column":41},"end":{"line":58,"column":42}},"loc":{"start":{"line":58,"column":51},"end":{"line":67,"column":5}},"line":58},"6":{"name":"(anonymous_6)","decl":{"start":{"line":59,"column":35},"end":{"line":59,"column":36}},"loc":{"start":{"line":59,"column":40},"end":{"line":59,"column":65}},"line":59},"7":{"name":"(anonymous_7)","decl":{"start":{"line":70,"column":24},"end":{"line":70,"column":25}},"loc":{"start":{"line":70,"column":39},"end":{"line":70,"column":65}},"line":70},"8":{"name":"(anonymous_8)","decl":{"start":{"line":93,"column":20},"end":{"line":93,"column":21}},"loc":{"start":{"line":93,"column":26},"end":{"line":95,"column":1}},"line":93}},"branchMap":{"0":{"loc":{"start":{"line":48,"column":8},"end":{"line":54,"column":9}},"type":"if","locations":[{"start":{"line":48,"column":8},"end":{"line":54,"column":9}},{"start":{},"end":{}}],"line":48},"1":{"loc":{"start":{"line":49,"column":12},"end":{"line":53,"column":13}},"type":"if","locations":[{"start":{"line":49,"column":12},"end":{"line":53,"column":13}},{"start":{"line":51,"column":17},"end":{"line":53,"column":13}}],"line":49},"2":{"loc":{"start":{"line":50,"column":25},"end":{"line":50,"column":107}},"type":"cond-expr","locations":[{"start":{"line":50,"column":95},"end":{"line":50,"column":99}},{"start":{"line":50,"column":102},"end":{"line":50,"column":107}}],"line":50},"3":{"loc":{"start":{"line":50,"column":25},"end":{"line":50,"column":92}},"type":"binary-expr","locations":[{"start":{"line":50,"column":25},"end":{"line":50,"column":57}},{"start":{"line":50,"column":61},"end":{"line":50,"column":92}}],"line":50},"4":{"loc":{"start":{"line":52,"column":25},"end":{"line":52,"column":129}},"type":"cond-expr","locations":[{"start":{"line":52,"column":117},"end":{"line":52,"column":121}},{"start":{"line":52,"column":124},"end":{"line":52,"column":129}}],"line":52},"5":{"loc":{"start":{"line":52,"column":25},"end":{"line":52,"column":114}},"type":"binary-expr","locations":[{"start":{"line":52,"column":25},"end":{"line":52,"column":43}},{"start":{"line":52,"column":47},"end":{"line":52,"column":79}},{"start":{"line":52,"column":83},"end":{"line":52,"column":114}}],"line":52},"6":{"loc":{"start":{"line":59,"column":12},"end":{"line":59,"column":121}},"type":"cond-expr","locations":[{"start":{"line":59,"column":69},"end":{"line":59,"column":117}},{"start":{"line":59,"column":119},"end":{"line":59,"column":121}}],"line":59},"7":{"loc":{"start":{"line":70,"column":4},"end":{"line":74,"column":5}},"type":"if","locations":[{"start":{"line":70,"column":4},"end":{"line":74,"column":5}},{"start":{"line":72,"column":9},"end":{"line":74,"column":5}}],"line":70}},"s":{"0":3,"1":0,"2":0,"3":3,"4":0,"5":0,"6":0,"7":0,"8":0,"9":0,"10":0,"11":0,"12":0,"13":0,"14":0,"15":0,"16":0,"17":0,"18":0,"19":0,"20":0,"21":0,"22":3},"f":{"0":0,"1":0,"2":0,"3":0,"4":0,"5":0,"6":0,"7":0,"8":0},"b":{"0":[0,0],"1":[0,0],"2":[0,0],"3":[0,0],"4":[0,0],"5":[0,0,0],"6":[0,0],"7":[0,0]},"_coverageSchema":"1a1c01bbd47fc00a2c39e90264f33305004495a9","hash":"03538a6b85a1b9fc96a9128dd56982a70d61c20c"}
,"C:\\Users\\chris\\ecommerce-reactnative-redux\\redux\\Checkout\\checkout.reducer.tsx": {"path":"C:\\Users\\chris\\ecommerce-reactnative-redux\\redux\\Checkout\\checkout.reducer.tsx","statementMap":{"0":{"start":{"line":3,"column":22},"end":{"line":7,"column":1}},"1":{"start":{"line":9,"column":24},"end":{"line":30,"column":5}},"2":{"start":{"line":10,"column":4},"end":{"line":29,"column":9}},"3":{"start":{"line":12,"column":12},"end":{"line":15,"column":13}},"4":{"start":{"line":22,"column":16},"end":{"line":25,"column":17}},"5":{"start":{"line":28,"column":8},"end":{"line":28,"column":21}}},"fnMap":{"0":{"name":"(anonymous_0)","decl":{"start":{"line":9,"column":24},"end":{"line":9,"column":25}},"loc":{"start":{"line":9,"column":65},"end":{"line":30,"column":5}},"line":9}},"branchMap":{"0":{"loc":{"start":{"line":9,"column":25},"end":{"line":9,"column":46}},"type":"default-arg","locations":[{"start":{"line":9,"column":33},"end":{"line":9,"column":46}}],"line":9},"1":{"loc":{"start":{"line":10,"column":4},"end":{"line":29,"column":9}},"type":"switch","locations":[{"start":{"line":11,"column":8},"end":{"line":15,"column":13}},{"start":{"line":21,"column":12},"end":{"line":25,"column":17}},{"start":{"line":26,"column":12},"end":{"line":28,"column":21}}],"line":10}},"s":{"0":7,"1":7,"2":20,"3":0,"4":0,"5":20},"f":{"0":20},"b":{"0":[15],"1":[0,0,20]},"_coverageSchema":"1a1c01bbd47fc00a2c39e90264f33305004495a9","hash":"2c0059dbf8a71b2654d7bb79ca5342d6189ddf42"}
,"C:\\Users\\chris\\ecommerce-reactnative-redux\\redux\\Checkout\\checkout.types.tsx": {"path":"C:\\Users\\chris\\ecommerce-reactnative-redux\\redux\\Checkout\\checkout.types.tsx","statementMap":{"0":{"start":{"line":1,"column":22},"end":{"line":5,"column":1}}},"fnMap":{},"branchMap":{},"s":{"0":7},"f":{},"b":{},"_coverageSchema":"1a1c01bbd47fc00a2c39e90264f33305004495a9","hash":"830756565f626ee8af6a808371adb1452f49774c"}
,"C:\\Users\\chris\\ecommerce-reactnative-redux\\redux\\Product\\product.action.tsx": {"path":"C:\\Users\\chris\\ecommerce-reactnative-redux\\redux\\Product\\product.action.tsx","statementMap":{"0":{"start":{"line":5,"column":28},"end":{"line":23,"column":1}},"1":{"start":{"line":5,"column":34},"end":{"line":23,"column":1}},"2":{"start":{"line":6,"column":20},"end":{"line":6,"column":61}},"3":{"start":{"line":7,"column":22},"end":{"line":7,"column":42}},"4":{"start":{"line":10,"column":4},"end":{"line":20,"column":5}},"5":{"start":{"line":11,"column":8},"end":{"line":14,"column":6}},"6":{"start":{"line":16,"column":8},"end":{"line":19,"column":10}},"7":{"start":{"line":27,"column":34},"end":{"line":54,"column":1}},"8":{"start":{"line":27,"column":62},"end":{"line":54,"column":1}},"9":{"start":{"line":28,"column":32},"end":{"line":28,"column":34}},"10":{"start":{"line":29,"column":8},"end":{"line":40,"column":9}},"11":{"start":{"line":30,"column":28},"end":{"line":30,"column":69}},"12":{"start":{"line":31,"column":12},"end":{"line":31,"column":53}},"13":{"start":{"line":34,"column":12},"end":{"line":37,"column":10}},"14":{"start":{"line":36,"column":12},"end":{"line":36,"column":91}},"15":{"start":{"line":39,"column":12},"end":{"line":39,"column":34}},"16":{"start":{"line":41,"column":8},"end":{"line":52,"column":9}},"17":{"start":{"line":42,"column":12},"end":{"line":46,"column":10}},"18":{"start":{"line":48,"column":12},"end":{"line":51,"column":14}},"19":{"start":{"line":57,"column":29},"end":{"line":69,"column":1}},"20":{"start":{"line":57,"column":59},"end":{"line":69,"column":1}},"21":{"start":{"line":59,"column":4},"end":{"line":66,"column":5}},"22":{"start":{"line":60,"column":12},"end":{"line":63,"column":14}},"23":{"start":{"line":72,"column":34},"end":{"line":86,"column":1}},"24":{"start":{"line":72,"column":49},"end":{"line":86,"column":1}},"25":{"start":{"line":73,"column":4},"end":{"line":73,"column":47}},"26":{"start":{"line":75,"column":4},"end":{"line":85,"column":5}},"27":{"start":{"line":76,"column":8},"end":{"line":79,"column":10}},"28":{"start":{"line":81,"column":8},"end":{"line":84,"column":10}},"29":{"start":{"line":89,"column":27},"end":{"line":92,"column":6}},"30":{"start":{"line":89,"column":51},"end":{"line":92,"column":5}}},"fnMap":{"0":{"name":"(anonymous_0)","decl":{"start":{"line":5,"column":28},"end":{"line":5,"column":29}},"loc":{"start":{"line":5,"column":34},"end":{"line":23,"column":1}},"line":5},"1":{"name":"(anonymous_1)","decl":{"start":{"line":5,"column":34},"end":{"line":5,"column":35}},"loc":{"start":{"line":5,"column":58},"end":{"line":23,"column":1}},"line":5},"2":{"name":"(anonymous_2)","decl":{"start":{"line":27,"column":34},"end":{"line":27,"column":35}},"loc":{"start":{"line":27,"column":62},"end":{"line":54,"column":1}},"line":27},"3":{"name":"(anonymous_3)","decl":{"start":{"line":27,"column":62},"end":{"line":27,"column":63}},"loc":{"start":{"line":27,"column":86},"end":{"line":54,"column":1}},"line":27},"4":{"name":"(anonymous_4)","decl":{"start":{"line":34,"column":57},"end":{"line":34,"column":58}},"loc":{"start":{"line":34,"column":70},"end":{"line":37,"column":9}},"line":34},"5":{"name":"(anonymous_5)","decl":{"start":{"line":57,"column":29},"end":{"line":57,"column":30}},"loc":{"start":{"line":57,"column":59},"end":{"line":69,"column":1}},"line":57},"6":{"name":"(anonymous_6)","decl":{"start":{"line":57,"column":59},"end":{"line":57,"column":60}},"loc":{"start":{"line":57,"column":82},"end":{"line":69,"column":1}},"line":57},"7":{"name":"(anonymous_7)","decl":{"start":{"line":72,"column":34},"end":{"line":72,"column":35}},"loc":{"start":{"line":72,"column":49},"end":{"line":86,"column":1}},"line":72},"8":{"name":"(anonymous_8)","decl":{"start":{"line":72,"column":49},"end":{"line":72,"column":50}},"loc":{"start":{"line":72,"column":72},"end":{"line":86,"column":1}},"line":72},"9":{"name":"(anonymous_9)","decl":{"start":{"line":89,"column":27},"end":{"line":89,"column":28}},"loc":{"start":{"line":89,"column":51},"end":{"line":92,"column":5}},"line":89}},"branchMap":{"0":{"loc":{"start":{"line":29,"column":8},"end":{"line":40,"column":9}},"type":"if","locations":[{"start":{"line":29,"column":8},"end":{"line":40,"column":9}},{"start":{"line":38,"column":13},"end":{"line":40,"column":9}}],"line":29},"1":{"loc":{"start":{"line":29,"column":11},"end":{"line":29,"column":57}},"type":"binary-expr","locations":[{"start":{"line":29,"column":11},"end":{"line":29,"column":35}},{"start":{"line":29,"column":39},"end":{"line":29,"column":57}}],"line":29},"2":{"loc":{"start":{"line":59,"column":4},"end":{"line":66,"column":5}},"type":"if","locations":[{"start":{"line":59,"column":4},"end":{"line":66,"column":5}},{"start":{"line":64,"column":9},"end":{"line":66,"column":5}}],"line":59},"3":{"loc":{"start":{"line":59,"column":7},"end":{"line":59,"column":44}},"type":"binary-expr","locations":[{"start":{"line":59,"column":7},"end":{"line":59,"column":26}},{"start":{"line":59,"column":30},"end":{"line":59,"column":44}}],"line":59}},"s":{"0":2,"1":2,"2":2,"3":0,"4":0,"5":0,"6":0,"7":2,"8":1,"9":1,"10":1,"11":0,"12":0,"13":0,"14":0,"15":1,"16":1,"17":1,"18":0,"19":2,"20":1,"21":1,"22":1,"23":2,"24":0,"25":0,"26":0,"27":0,"28":0,"29":2,"30":0},"f":{"0":2,"1":2,"2":1,"3":1,"4":0,"5":1,"6":1,"7":0,"8":0,"9":0},"b":{"0":[0,1],"1":[1,0],"2":[1,0],"3":[1,0]},"_coverageSchema":"1a1c01bbd47fc00a2c39e90264f33305004495a9","hash":"593957ac8f1f2edb327a638a46e031505851ac7c"}
,"C:\\Users\\chris\\ecommerce-reactnative-redux\\redux\\Product\\product.reducer.tsx": {"path":"C:\\Users\\chris\\ecommerce-reactnative-redux\\redux\\Product\\product.reducer.tsx","statementMap":{"0":{"start":{"line":3,"column":23},"end":{"line":10,"column":5}},"1":{"start":{"line":12,"column":23},"end":{"line":49,"column":5}},"2":{"start":{"line":13,"column":4},"end":{"line":48,"column":5}},"3":{"start":{"line":15,"column":12},"end":{"line":18,"column":13}},"4":{"start":{"line":20,"column":12},"end":{"line":24,"column":13}},"5":{"start":{"line":31,"column":12},"end":{"line":34,"column":13}},"6":{"start":{"line":41,"column":12},"end":{"line":44,"column":13}},"7":{"start":{"line":47,"column":4},"end":{"line":47,"column":17}}},"fnMap":{"0":{"name":"(anonymous_0)","decl":{"start":{"line":12,"column":23},"end":{"line":12,"column":24}},"loc":{"start":{"line":12,"column":62},"end":{"line":49,"column":5}},"line":12}},"branchMap":{"0":{"loc":{"start":{"line":12,"column":24},"end":{"line":12,"column":45}},"type":"default-arg","locations":[{"start":{"line":12,"column":32},"end":{"line":12,"column":45}}],"line":12},"1":{"loc":{"start":{"line":13,"column":4},"end":{"line":48,"column":5}},"type":"switch","locations":[{"start":{"line":14,"column":8},"end":{"line":18,"column":13}},{"start":{"line":19,"column":8},"end":{"line":24,"column":13}},{"start":{"line":30,"column":8},"end":{"line":34,"column":13}},{"start":{"line":40,"column":8},"end":{"line":44,"column":13}},{"start":{"line":46,"column":8},"end":{"line":47,"column":17}}],"line":13}},"s":{"0":7,"1":7,"2":20,"3":0,"4":1,"5":1,"6":0,"7":18},"f":{"0":20},"b":{"0":[15],"1":[0,1,1,0,18]},"_coverageSchema":"1a1c01bbd47fc00a2c39e90264f33305004495a9","hash":"f22582b021ad1c5dc38ecc4c05b677d70166c042"}
,"C:\\Users\\chris\\ecommerce-reactnative-redux\\redux\\Product\\product.types.tsx": {"path":"C:\\Users\\chris\\ecommerce-reactnative-redux\\redux\\Product\\product.types.tsx","statementMap":{"0":{"start":{"line":1,"column":21},"end":{"line":11,"column":3}}},"fnMap":{},"branchMap":{},"s":{"0":7},"f":{},"b":{},"_coverageSchema":"1a1c01bbd47fc00a2c39e90264f33305004495a9","hash":"e6b0daa01de14c4ea143c065a3681da660a80744"}
}
