TN:
SF:App.tsx
FN:56,(anonymous_0)
FN:65,(anonymous_1)
FN:74,(anonymous_2)
FN:83,(anonymous_3)
FN:92,(anonymous_4)
FN:98,(anonymous_5)
FN:117,(anonymous_6)
FNF:7
FNH:3
FNDA:1,(anonymous_0)
FNDA:0,(anonymous_1)
FNDA:0,(anonymous_2)
FNDA:0,(anonymous_3)
FNDA:0,(anonymous_4)
FNDA:1,(anonymous_5)
FNDA:1,(anonymous_6)
DA:54,1
DA:56,1
DA:58,1
DA:65,1
DA:66,0
DA:74,1
DA:75,0
DA:83,1
DA:84,0
DA:92,1
DA:93,0
DA:98,1
DA:100,1
DA:118,1
DA:142,1
LF:15
LH:11
BRF:0
BRH:0
end_of_record
TN:
SF:RootNavigation.js
FN:13,navigate
FNF:1
FNH:0
FNDA:0,navigate
DA:11,4
DA:14,0
DA:15,0
LF:3
LH:1
BRDA:14,0,0,0
BRDA:14,0,1,0
BRF:2
BRH:0
end_of_record
TN:
SF:test-utils.js
FN:48,(anonymous_0)
FN:51,(anonymous_1)
FNF:2
FNH:2
FNDA:1,(anonymous_0)
FNDA:1,(anonymous_1)
DA:42,4
DA:43,4
DA:44,4
DA:46,4
DA:48,4
DA:49,1
DA:51,1
LF:7
LH:7
BRF:0
BRH:0
end_of_record
TN:
SF:assests\img\RTX3080.png
FNF:0
FNH:0
DA:1,1
LF:1
LH:1
BRF:0
BRH:0
end_of_record
TN:
SF:components\cart\cartDetail\index.tsx
FN:8,(anonymous_0)
FN:9,(anonymous_1)
FN:16,(anonymous_2)
FN:21,(anonymous_3)
FN:25,(anonymous_4)
FN:29,(anonymous_5)
FN:40,(anonymous_6)
FN:55,(anonymous_7)
FN:76,(anonymous_8)
FN:80,(anonymous_9)
FN:96,(anonymous_10)
FNF:11
FNH:0
FNDA:0,(anonymous_0)
FNDA:0,(anonymous_1)
FNDA:0,(anonymous_2)
FNDA:0,(anonymous_3)
FNDA:0,(anonymous_4)
FNDA:0,(anonymous_5)
FNDA:0,(anonymous_6)
FNDA:0,(anonymous_7)
FNDA:0,(anonymous_8)
FNDA:0,(anonymous_9)
FNDA:0,(anonymous_10)
DA:8,2
DA:9,0
DA:11,0
DA:13,0
DA:14,0
DA:16,0
DA:18,0
DA:21,0
DA:22,0
DA:25,0
DA:26,0
DA:29,0
DA:30,0
DA:40,0
DA:42,0
DA:55,0
DA:76,0
DA:80,0
DA:90,0
DA:96,0
DA:106,2
LF:21
LH:2
BRDA:44,0,0,0
BRDA:44,0,1,0
BRF:2
BRH:0
end_of_record
TN:
SF:components\cart\cartUI\index.tsx
FN:14,(anonymous_0)
FN:17,(anonymous_1)
FN:28,(anonymous_2)
FNF:3
FNH:0
FNDA:0,(anonymous_0)
FNDA:0,(anonymous_1)
FNDA:0,(anonymous_2)
DA:14,2
DA:15,0
DA:17,0
DA:19,0
DA:24,0
DA:28,0
DA:38,2
LF:7
LH:2
BRF:0
BRH:0
end_of_record
TN:
SF:components\checkout\checkoutDetail\index.tsx
FN:7,(anonymous_0)
FN:50,(anonymous_1)
FN:52,(anonymous_2)
FN:67,(anonymous_3)
FN:73,(anonymous_4)
FN:74,(anonymous_5)
FN:80,(anonymous_6)
FN:109,(anonymous_7)
FN:127,(anonymous_8)
FNF:9
FNH:7
FNDA:11,(anonymous_0)
FNDA:3,(anonymous_1)
FNDA:33,(anonymous_2)
FNDA:1,(anonymous_3)
FNDA:11,(anonymous_4)
FNDA:0,(anonymous_5)
FNDA:0,(anonymous_6)
FNDA:3,(anonymous_7)
FNDA:3,(anonymous_8)
DA:7,3
DA:8,11
DA:21,3
DA:25,3
DA:29,3
DA:34,3
DA:50,3
DA:51,3
DA:52,3
DA:53,33
DA:55,3
DA:62,3
DA:67,3
DA:70,1
DA:73,1
DA:74,11
DA:75,0
DA:80,0
DA:81,0
DA:82,0
DA:84,0
DA:88,0
DA:91,11
DA:109,1
DA:110,3
DA:121,1
DA:128,3
DA:138,3
LF:28
LH:22
BRDA:81,0,0,0
BRDA:81,0,1,0
BRDA:99,1,0,1
BRDA:99,1,1,10
BRDA:100,2,0,1
BRDA:100,2,1,10
BRDA:101,3,0,2
BRDA:101,3,1,9
BRDA:101,4,0,11
BRDA:101,4,1,10
BRF:10
BRH:8
end_of_record
TN:
SF:components\checkout\checkoutUI\index.tsx
FN:15,(anonymous_0)
FN:19,(anonymous_1)
FN:24,(anonymous_2)
FN:34,(anonymous_3)
FNF:4
FNH:0
FNDA:0,(anonymous_0)
FNDA:0,(anonymous_1)
FNDA:0,(anonymous_2)
FNDA:0,(anonymous_3)
DA:15,2
DA:16,0
DA:17,0
DA:19,0
DA:20,0
DA:24,0
DA:25,0
DA:28,0
DA:29,0
DA:34,0
DA:44,2
LF:11
LH:2
BRDA:30,0,0,0
BRDA:30,0,1,0
BRF:2
BRH:0
end_of_record
TN:
SF:components\header\index.tsx
FN:17,(anonymous_0)
FN:21,(anonymous_1)
FN:35,(anonymous_2)
FNF:3
FNH:1
FNDA:1,(anonymous_0)
FNDA:0,(anonymous_1)
FNDA:0,(anonymous_2)
DA:17,1
DA:18,1
DA:19,1
DA:21,1
DA:22,0
DA:25,0
DA:26,0
DA:30,1
DA:35,0
DA:43,1
LF:10
LH:6
BRF:0
BRH:0
end_of_record
TN:
SF:components\product\ProductDetail\index.tsx
FN:9,(anonymous_0)
FN:10,(anonymous_1)
FNF:2
FNH:0
FNDA:0,(anonymous_0)
FNDA:0,(anonymous_1)
DA:9,1
DA:10,0
DA:11,0
DA:12,0
DA:35,1
LF:5
LH:2
BRF:0
BRH:0
end_of_record
TN:
SF:components\product\productCategory\index.tsx
FN:11,(anonymous_0)
FN:30,(anonymous_1)
FN:34,(anonymous_2)
FN:44,(anonymous_3)
FN:51,(anonymous_4)
FN:60,(anonymous_5)
FN:60,(anonymous_6)
FN:63,(anonymous_7)
FN:69,(anonymous_8)
FNF:9
FNH:3
FNDA:0,(anonymous_0)
FNDA:2,(anonymous_1)
FNDA:4,(anonymous_2)
FNDA:0,(anonymous_3)
FNDA:1,(anonymous_4)
FNDA:0,(anonymous_5)
FNDA:0,(anonymous_6)
FNDA:0,(anonymous_7)
FNDA:0,(anonymous_8)
DA:11,1
DA:12,0
DA:30,1
DA:34,4
DA:38,2
DA:39,2
DA:40,2
DA:42,2
DA:44,2
DA:45,0
DA:46,0
DA:51,2
DA:52,1
DA:57,2
DA:59,2
DA:60,0
DA:63,2
DA:66,0
DA:69,0
DA:78,2
DA:111,1
LF:21
LH:15
BRDA:59,0,0,0
BRDA:59,0,1,2
BRDA:59,1,0,2
BRDA:59,1,1,2
BRDA:79,2,0,1
BRDA:79,2,1,1
BRDA:79,3,0,2
BRDA:79,3,1,2
BRF:8
BRH:7
end_of_record
TN:
SF:components\product\productImage\index.tsx
FN:6,(anonymous_0)
FNF:1
FNH:1
FNDA:2,(anonymous_0)
DA:6,2
DA:7,2
DA:9,2
DA:11,0
DA:12,0
DA:14,0
DA:15,0
DA:17,1
DA:18,0
DA:20,0
DA:21,0
DA:23,0
DA:24,0
DA:26,0
DA:27,0
DA:29,0
DA:30,0
DA:32,0
DA:33,0
LF:19
LH:4
BRDA:9,0,0,0
BRDA:9,0,1,0
BRDA:9,0,2,1
BRDA:9,0,3,0
BRDA:9,0,4,0
BRDA:9,0,5,0
BRDA:9,0,6,0
BRDA:9,0,7,0
BRF:8
BRH:1
end_of_record
TN:
SF:components\product\productResult\index.tsx
FN:13,(anonymous_0)
FN:17,(anonymous_1)
FN:26,(anonymous_2)
FN:29,(anonymous_3)
FN:33,(anonymous_4)
FN:55,(anonymous_5)
FNF:6
FNH:2
FNDA:2,(anonymous_0)
FNDA:0,(anonymous_1)
FNDA:4,(anonymous_2)
FNDA:0,(anonymous_3)
FNDA:0,(anonymous_4)
FNDA:0,(anonymous_5)
DA:13,1
DA:15,2
DA:17,2
DA:19,0
DA:26,4
DA:27,2
DA:29,2
DA:31,0
DA:33,0
DA:49,2
DA:55,0
DA:67,1
LF:12
LH:8
BRF:0
BRH:0
end_of_record
TN:
SF:components\product\productUI\index.tsx
FN:14,(anonymous_0)
FN:17,(anonymous_1)
FN:21,(anonymous_2)
FN:23,(anonymous_3)
FN:29,(anonymous_4)
FN:37,(anonymous_5)
FN:53,(anonymous_6)
FN:63,(anonymous_7)
FNF:8
FNH:0
FNDA:0,(anonymous_0)
FNDA:0,(anonymous_1)
FNDA:0,(anonymous_2)
FNDA:0,(anonymous_3)
FNDA:0,(anonymous_4)
FNDA:0,(anonymous_5)
FNDA:0,(anonymous_6)
FNDA:0,(anonymous_7)
DA:14,1
DA:15,0
DA:17,0
DA:18,0
DA:21,0
DA:23,0
DA:24,0
DA:27,0
DA:29,0
DA:31,0
DA:33,0
DA:36,0
DA:37,0
DA:39,0
DA:40,0
DA:48,0
DA:53,0
DA:63,0
DA:75,1
LF:19
LH:2
BRDA:36,0,0,0
BRDA:36,0,1,0
BRDA:39,1,0,0
BRDA:39,1,1,0
BRF:4
BRH:0
end_of_record
TN:
SF:components\purchase\purchaseDetails\index.tsx
FN:4,(anonymous_0)
FNF:1
FNH:0
FNDA:0,(anonymous_0)
DA:4,1
DA:6,0
DA:15,1
LF:3
LH:2
BRF:0
BRH:0
end_of_record
TN:
SF:components\search\index.tsx
FN:11,(anonymous_0)
FN:15,(anonymous_1)
FN:22,(anonymous_2)
FN:31,(anonymous_3)
FNF:4
FNH:3
FNDA:2,(anonymous_0)
FNDA:4,(anonymous_1)
FNDA:1,(anonymous_2)
FNDA:0,(anonymous_3)
DA:11,1
DA:12,2
DA:15,4
DA:18,2
DA:20,2
DA:22,2
DA:23,1
DA:24,1
DA:27,2
DA:32,0
DA:33,0
DA:51,1
LF:12
LH:10
BRDA:32,0,0,0
BRDA:32,0,1,0
BRDA:32,1,0,0
BRDA:32,1,1,0
BRDA:35,2,0,2
BRDA:35,2,1,0
BRF:6
BRH:1
end_of_record
TN:
SF:layouts\CheckoutPageLayout.tsx
FN:8,(anonymous_0)
FNF:1
FNH:0
FNDA:0,(anonymous_0)
DA:8,1
DA:9,0
LF:2
LH:1
BRF:0
BRH:0
end_of_record
TN:
SF:layouts\HomePageLayout.tsx
FN:7,(anonymous_0)
FNF:1
FNH:1
FNDA:1,(anonymous_0)
DA:7,1
DA:9,1
LF:2
LH:2
BRF:0
BRH:0
end_of_record
TN:
SF:layouts\ProductPageLayout.tsx
FN:5,(anonymous_0)
FNF:1
FNH:0
FNDA:0,(anonymous_0)
DA:5,1
DA:6,0
LF:2
LH:1
BRF:0
BRH:0
end_of_record
TN:
SF:pages\cartpage\index.tsx
FN:5,(anonymous_0)
FNF:1
FNH:0
FNDA:0,(anonymous_0)
DA:5,1
DA:9,0
DA:16,1
LF:3
LH:2
BRF:0
BRH:0
end_of_record
TN:
SF:pages\checkoutpage\index.tsx
FN:5,(anonymous_0)
FNF:1
FNH:0
FNDA:0,(anonymous_0)
DA:5,1
DA:6,0
DA:13,1
LF:3
LH:2
BRF:0
BRH:0
end_of_record
TN:
SF:pages\homepage\index.tsx
FN:9,(anonymous_0)
FNF:1
FNH:1
FNDA:1,(anonymous_0)
DA:9,1
DA:11,1
DA:20,1
LF:3
LH:3
BRF:0
BRH:0
end_of_record
TN:
SF:pages\productpage\index.tsx
FN:11,(anonymous_0)
FNF:1
FNH:0
FNDA:0,(anonymous_0)
DA:11,1
DA:15,0
LF:2
LH:1
BRF:0
BRH:0
end_of_record
TN:
SF:pages\purchasepage\index.tsx
FN:6,(anonymous_0)
FNF:1
FNH:0
FNDA:0,(anonymous_0)
DA:6,1
DA:7,0
LF:2
LH:1
BRF:0
BRH:0
end_of_record
TN:
SF:redux\createStore.tsx
FNF:0
FNH:0
DA:11,1
DA:16,1
DA:17,1
LF:3
LH:3
BRF:0
BRH:0
end_of_record
TN:
SF:redux\rootReducer.tsx
FNF:0
FNH:0
DA:12,1
DA:23,1
LF:2
LH:2
BRF:0
BRH:0
end_of_record
TN:
SF:redux\Cart\cart.action.tsx
FN:5,(anonymous_0)
FN:5,(anonymous_1)
FN:19,(anonymous_2)
FN:36,(anonymous_3)
FN:36,(anonymous_4)
FN:38,(anonymous_5)
FN:50,(anonymous_6)
FN:50,(anonymous_7)
FN:53,(anonymous_8)
FN:80,(anonymous_9)
FN:80,(anonymous_10)
FN:84,(anonymous_11)
FNF:12
FNH:0
FNDA:0,(anonymous_0)
FNDA:0,(anonymous_1)
FNDA:0,(anonymous_2)
FNDA:0,(anonymous_3)
FNDA:0,(anonymous_4)
FNDA:0,(anonymous_5)
FNDA:0,(anonymous_6)
FNDA:0,(anonymous_7)
FNDA:0,(anonymous_8)
FNDA:0,(anonymous_9)
FNDA:0,(anonymous_10)
FNDA:0,(anonymous_11)
DA:4,2
DA:5,2
DA:8,0
DA:11,0
DA:13,0
DA:17,0
DA:19,0
DA:20,0
DA:21,0
DA:22,0
DA:26,0
DA:27,0
DA:30,0
DA:36,2
DA:38,0
DA:39,0
DA:40,0
DA:44,0
DA:50,2
DA:53,0
DA:55,0
DA:57,0
DA:63,0
DA:80,2
DA:84,0
DA:86,0
DA:87,0
DA:92,0
LF:28
LH:5
BRDA:11,0,0,0
BRDA:11,0,1,0
BRDA:20,1,0,0
BRDA:20,1,1,0
BRDA:26,2,0,0
BRDA:26,2,1,0
BRDA:39,3,0,0
BRDA:39,3,1,0
BRDA:86,4,0,0
BRDA:86,4,1,0
BRDA:86,5,0,0
BRDA:86,5,1,0
BRF:12
BRH:0
end_of_record
TN:
SF:redux\Cart\cart.reducer.tsx
FN:10,(anonymous_0)
FNF:1
FNH:1
FNDA:8,(anonymous_0)
DA:3,1
DA:10,1
DA:11,8
DA:13,0
DA:20,8
LF:5
LH:4
BRDA:10,0,0,3
BRDA:11,1,0,0
BRDA:11,1,1,8
BRF:3
BRH:2
end_of_record
TN:
SF:redux\Cart\cart.types.tsx
FNF:0
FNH:0
DA:1,2
LF:1
LH:1
BRF:0
BRH:0
end_of_record
TN:
SF:redux\Checkout\checkout.action.tsx
FN:4,(anonymous_0)
FN:4,(anonymous_1)
FN:12,(anonymous_2)
FN:12,(anonymous_3)
FN:46,valcondition
FN:58,(anonymous_5)
FN:59,(anonymous_6)
FN:70,(anonymous_7)
FN:93,(anonymous_8)
FNF:9
FNH:0
FNDA:0,(anonymous_0)
FNDA:0,(anonymous_1)
FNDA:0,(anonymous_2)
FNDA:0,(anonymous_3)
FNDA:0,valcondition
FNDA:0,(anonymous_5)
FNDA:0,(anonymous_6)
FNDA:0,(anonymous_7)
FNDA:0,(anonymous_8)
DA:4,3
DA:6,0
DA:12,3
DA:33,0
DA:34,0
DA:45,0
DA:48,0
DA:49,0
DA:50,0
DA:52,0
DA:55,0
DA:58,0
DA:59,0
DA:61,0
DA:70,0
DA:71,0
DA:73,0
DA:76,0
DA:93,3
LF:19
LH:3
BRDA:48,0,0,0
BRDA:48,0,1,0
BRDA:49,1,0,0
BRDA:49,1,1,0
BRDA:50,2,0,0
BRDA:50,2,1,0
BRDA:50,3,0,0
BRDA:50,3,1,0
BRDA:52,4,0,0
BRDA:52,4,1,0
BRDA:52,5,0,0
BRDA:52,5,1,0
BRDA:52,5,2,0
BRDA:59,6,0,0
BRDA:59,6,1,0
BRDA:70,7,0,0
BRDA:70,7,1,0
BRF:17
BRH:0
end_of_record
TN:
SF:redux\Checkout\checkout.reducer.tsx
FN:9,(anonymous_0)
FNF:1
FNH:1
FNDA:8,(anonymous_0)
DA:3,1
DA:9,1
DA:10,8
DA:12,0
DA:22,0
DA:28,8
LF:6
LH:4
BRDA:9,0,0,3
BRDA:10,1,0,0
BRDA:10,1,1,0
BRDA:10,1,2,8
BRF:4
BRH:2
end_of_record
TN:
SF:redux\Checkout\checkout.types.tsx
FNF:0
FNH:0
DA:1,3
LF:1
LH:1
BRF:0
BRH:0
end_of_record
TN:
SF:redux\Product\product.action.tsx
FN:5,(anonymous_0)
FN:5,(anonymous_1)
FN:27,(anonymous_2)
FN:27,(anonymous_3)
FN:34,(anonymous_4)
FN:57,(anonymous_5)
FN:57,(anonymous_6)
FN:72,(anonymous_7)
FN:72,(anonymous_8)
FN:89,(anonymous_9)
FNF:10
FNH:6
FNDA:1,(anonymous_0)
FNDA:1,(anonymous_1)
FNDA:1,(anonymous_2)
FNDA:1,(anonymous_3)
FNDA:0,(anonymous_4)
FNDA:1,(anonymous_5)
FNDA:1,(anonymous_6)
FNDA:0,(anonymous_7)
FNDA:0,(anonymous_8)
FNDA:0,(anonymous_9)
DA:5,1
DA:6,1
DA:7,0
DA:10,0
DA:11,0
DA:16,0
DA:27,1
DA:28,1
DA:29,1
DA:30,0
DA:31,0
DA:34,0
DA:36,0
DA:39,1
DA:41,1
DA:42,1
DA:48,0
DA:57,1
DA:59,1
DA:60,1
DA:72,1
DA:73,0
DA:75,0
DA:76,0
DA:81,0
DA:89,1
LF:26
LH:13
BRDA:29,0,0,0
BRDA:29,0,1,1
BRDA:29,1,0,1
BRDA:29,1,1,0
BRDA:59,2,0,1
BRDA:59,2,1,0
BRDA:59,3,0,1
BRDA:59,3,1,0
BRF:8
BRH:4
end_of_record
TN:
SF:redux\Product\product.reducer.tsx
FN:12,(anonymous_0)
FNF:1
FNH:1
FNDA:8,(anonymous_0)
DA:3,1
DA:12,1
DA:13,8
DA:15,0
DA:20,1
DA:31,1
DA:41,0
DA:47,6
LF:8
LH:6
BRDA:12,0,0,3
BRDA:13,1,0,0
BRDA:13,1,1,1
BRDA:13,1,2,1
BRDA:13,1,3,0
BRDA:13,1,4,6
BRF:6
BRH:4
end_of_record
TN:
SF:redux\Product\product.types.tsx
FNF:0
FNH:0
DA:1,1
LF:1
LH:1
BRF:0
BRH:0
end_of_record
